

================================================================
== Vitis HLS Report for 'nlms_top'
================================================================
* Date:           Mon Oct 28 16:23:28 2024

* Version:        2022.1 (Build 3526262 on Mon Apr 18 15:47:01 MDT 2022)
* Project:        nlms_filter
* Solution:       output (Vivado IP Flow Target)
* Product family: spartan7
* Target device:  xc7s50-ftgb196-1


================================================================
== Performance Estimates
================================================================
+ Timing: 
    * Summary: 
    +--------+---------+----------+------------+
    |  Clock |  Target | Estimated| Uncertainty|
    +--------+---------+----------+------------+
    |ap_clk  |  8.00 ns|  5.784 ns|     2.16 ns|
    +--------+---------+----------+------------+

+ Latency: 
    * Summary: 
    +---------+---------+-----------+-----------+------+------+---------+
    |  Latency (cycles) |   Latency (absolute)  |   Interval  | Pipeline|
    |   min   |   max   |    min    |    max    |  min |  max |   Type  |
    +---------+---------+-----------+-----------+------+------+---------+
    |     1383|     1383|  11.064 us|  11.064 us|  1384|  1384|       no|
    +---------+---------+-----------+-----------+------+------+---------+

    + Detail: 
        * Instance: 
        N/A

        * Loop: 
        +-----------------------------------+---------+---------+----------+-----------+-----------+------+----------+
        |                                   |  Latency (cycles) | Iteration|  Initiation Interval  | Trip |          |
        |             Loop Name             |   min   |   max   |  Latency |  achieved |   target  | Count| Pipelined|
        +-----------------------------------+---------+---------+----------+-----------+-----------+------+----------+
        |- nlms_outer_loop_nlms_inner_loop  |     1381|     1381|       103|          1|          1|  1280|       yes|
        +-----------------------------------+---------+---------+----------+-----------+-----------+------+----------+

============================================================
+ Verbose Summary: Synthesis Manager
============================================================
InlineROM: 1
ExposeGlobal: 0
============================================================
+ Verbose Summary: CDFG Model
============================================================
IsTopModel: 1
ResetActiveHigh: 1
IsCombinational: 0
IsDatapathOnly: 0
HasWiredReturn: 1
HasMFsm: 2
HasVarLatency: 1
IsPipeline: 0
IsRtlPipelined: 0
IsInstanceOverlapped: 0
IsDontTouch: 0
HasImplIP: 0
IsGatedGlobalClock: 0

+ Individual pipeline summary: 
  * Pipeline-0: initiation interval (II) = 1, depth = 103


============================================================
+ Verbose Summary: Schedule
============================================================
* Number of FSM states : 103
* Pipeline : 1
  Pipeline-0 : II = 1, D = 103, States = { 1 2 3 4 5 6 7 8 9 10 11 12 13 14 15 16 17 18 19 20 21 22 23 24 25 26 27 28 29 30 31 32 33 34 35 36 37 38 39 40 41 42 43 44 45 46 47 48 49 50 51 52 53 54 55 56 57 58 59 60 61 62 63 64 65 66 67 68 69 70 71 72 73 74 75 76 77 78 79 80 81 82 83 84 85 86 87 88 89 90 91 92 93 94 95 96 97 98 99 100 101 102 103 }
* Dataflow Pipeline: 0

* FSM state transitions: 
1 --> 2 
2 --> 3 
3 --> 4 
4 --> 5 
5 --> 6 
6 --> 7 
7 --> 8 
8 --> 9 
9 --> 10 
10 --> 11 
11 --> 12 
12 --> 13 
13 --> 14 
14 --> 15 
15 --> 16 
16 --> 17 
17 --> 18 
18 --> 19 
19 --> 20 
20 --> 21 
21 --> 22 
22 --> 23 
23 --> 24 
24 --> 25 
25 --> 26 
26 --> 27 
27 --> 28 
28 --> 29 
29 --> 30 
30 --> 31 
31 --> 32 
32 --> 33 
33 --> 34 
34 --> 35 
35 --> 36 
36 --> 37 
37 --> 38 
38 --> 39 
39 --> 40 
40 --> 41 
41 --> 42 
42 --> 43 
43 --> 44 
44 --> 45 
45 --> 46 
46 --> 47 
47 --> 48 
48 --> 49 
49 --> 50 
50 --> 51 
51 --> 52 
52 --> 53 
53 --> 54 
54 --> 55 
55 --> 56 
56 --> 57 
57 --> 58 
58 --> 59 
59 --> 60 
60 --> 61 
61 --> 62 
62 --> 63 
63 --> 64 
64 --> 65 
65 --> 66 
66 --> 67 
67 --> 68 
68 --> 69 
69 --> 70 
70 --> 71 
71 --> 72 
72 --> 73 
73 --> 74 
74 --> 75 
75 --> 76 
76 --> 77 
77 --> 78 
78 --> 79 
79 --> 80 
80 --> 81 
81 --> 82 
82 --> 83 
83 --> 84 
84 --> 85 
85 --> 86 
86 --> 87 
87 --> 88 
88 --> 89 
89 --> 90 
90 --> 91 
91 --> 92 
92 --> 93 
93 --> 94 
94 --> 95 
95 --> 96 
96 --> 97 
97 --> 98 
98 --> 99 
99 --> 100 
100 --> 101 
101 --> 102 
102 --> 103 
103 --> 

* FSM state operations: 

State 1 <SV = 0> <Delay = 3.55>
ST_1 : Operation 106 [1/1] (0.00ns)   --->   "%i = alloca i32 1"   --->   Operation 106 'alloca' 'i' <Predicate = true> <Delay = 0.00>
ST_1 : Operation 107 [1/1] (0.00ns)   --->   "%indvar_flatten = alloca i32 1"   --->   Operation 107 'alloca' 'indvar_flatten' <Predicate = true> <Delay = 0.00>
ST_1 : Operation 108 [1/1] (0.00ns)   --->   "%spectopmodule_ln45 = spectopmodule void @_ssdm_op_SpecTopModule, void @empty_1" [nlms_filter/top.cpp:45]   --->   Operation 108 'spectopmodule' 'spectopmodule_ln45' <Predicate = true> <Delay = 0.00>
ST_1 : Operation 109 [1/1] (0.00ns)   --->   "%specinterface_ln0 = specinterface void @_ssdm_op_SpecInterface, i32 %input_signal, void @empty, i32 0, i32 0, void @empty_0, i32 4294967295, i32 0, void @empty_0, void @empty_0, void @empty_0, i32 0, i32 0, i32 0, i32 0, void @empty_0, void @empty_0, i32 4294967295, i32 0"   --->   Operation 109 'specinterface' 'specinterface_ln0' <Predicate = true> <Delay = 0.00>
ST_1 : Operation 110 [1/1] (0.00ns)   --->   "%specbitsmap_ln0 = specbitsmap void @_ssdm_op_SpecBitsMap, i32 %input_signal"   --->   Operation 110 'specbitsmap' 'specbitsmap_ln0' <Predicate = true> <Delay = 0.00>
ST_1 : Operation 111 [1/1] (0.00ns)   --->   "%specinterface_ln0 = specinterface void @_ssdm_op_SpecInterface, i32 %desired_signal, void @empty, i32 0, i32 0, void @empty_0, i32 4294967295, i32 0, void @empty_0, void @empty_0, void @empty_0, i32 0, i32 0, i32 0, i32 0, void @empty_0, void @empty_0, i32 4294967295, i32 0"   --->   Operation 111 'specinterface' 'specinterface_ln0' <Predicate = true> <Delay = 0.00>
ST_1 : Operation 112 [1/1] (0.00ns)   --->   "%specbitsmap_ln0 = specbitsmap void @_ssdm_op_SpecBitsMap, i32 %desired_signal"   --->   Operation 112 'specbitsmap' 'specbitsmap_ln0' <Predicate = true> <Delay = 0.00>
ST_1 : Operation 113 [1/1] (0.00ns)   --->   "%specinterface_ln0 = specinterface void @_ssdm_op_SpecInterface, i32 %weights, void @empty, i32 0, i32 0, void @empty_0, i32 4294967295, i32 0, void @empty_0, void @empty_0, void @empty_0, i32 0, i32 0, i32 0, i32 0, void @empty_0, void @empty_0, i32 4294967295, i32 0"   --->   Operation 113 'specinterface' 'specinterface_ln0' <Predicate = true> <Delay = 0.00>
ST_1 : Operation 114 [1/1] (0.00ns)   --->   "%specbitsmap_ln0 = specbitsmap void @_ssdm_op_SpecBitsMap, i32 %weights"   --->   Operation 114 'specbitsmap' 'specbitsmap_ln0' <Predicate = true> <Delay = 0.00>
ST_1 : Operation 115 [1/1] (1.58ns)   --->   "%store_ln59 = store i11 0, i11 %indvar_flatten" [nlms_filter/top.cpp:59]   --->   Operation 115 'store' 'store_ln59' <Predicate = true> <Delay = 1.58>
ST_1 : Operation 116 [1/1] (1.58ns)   --->   "%store_ln59 = store i8 0, i8 %i" [nlms_filter/top.cpp:59]   --->   Operation 116 'store' 'store_ln59' <Predicate = true> <Delay = 1.58>
ST_1 : Operation 117 [1/1] (0.00ns)   --->   "%br_ln59 = br void %for.inc" [nlms_filter/top.cpp:59]   --->   Operation 117 'br' 'br_ln59' <Predicate = true> <Delay = 0.00>
ST_1 : Operation 118 [1/1] (0.00ns)   --->   "%indvar_flatten_load = load i11 %indvar_flatten" [nlms_filter/top.cpp:59]   --->   Operation 118 'load' 'indvar_flatten_load' <Predicate = true> <Delay = 0.00>
ST_1 : Operation 119 [1/1] (1.96ns)   --->   "%icmp_ln59 = icmp_eq  i11 %indvar_flatten_load, i11 1280" [nlms_filter/top.cpp:59]   --->   Operation 119 'icmp' 'icmp_ln59' <Predicate = true> <Delay = 1.96> <CoreInst = "Cmp">   --->   Core 9 'Cmp' <Latency = 0> <II = 1> <Delay = 1.96> <FuncUnit> <Opcode : 'icmp'> <InPorts = 2> <OutPorts = 1>
ST_1 : Operation 120 [1/1] (1.97ns)   --->   "%add_ln59 = add i11 %indvar_flatten_load, i11 1" [nlms_filter/top.cpp:59]   --->   Operation 120 'add' 'add_ln59' <Predicate = true> <Delay = 1.97> <CoreInst = "Adder">   --->   Core 1 'Adder' <Latency = 0> <II = 1> <Delay = 1.97> <FuncUnit> <Opcode : 'add' 'sub'> <InPorts = 2> <OutPorts = 1>
ST_1 : Operation 121 [1/1] (0.00ns)   --->   "%br_ln59 = br i1 %icmp_ln59, void %for.inc35, void %for.end37" [nlms_filter/top.cpp:59]   --->   Operation 121 'br' 'br_ln59' <Predicate = true> <Delay = 0.00>
ST_1 : Operation 122 [1/1] (0.00ns)   --->   "%i_load = load i8 %i" [nlms_filter/top.cpp:61]   --->   Operation 122 'load' 'i_load' <Predicate = (!icmp_ln59)> <Delay = 0.00>
ST_1 : Operation 123 [1/1] (1.62ns)   --->   "%icmp_ln61 = icmp_eq  i8 %i_load, i8 128" [nlms_filter/top.cpp:61]   --->   Operation 123 'icmp' 'icmp_ln61' <Predicate = (!icmp_ln59)> <Delay = 1.62> <CoreInst = "Cmp">   --->   Core 9 'Cmp' <Latency = 0> <II = 1> <Delay = 1.62> <FuncUnit> <Opcode : 'icmp'> <InPorts = 2> <OutPorts = 1>
ST_1 : Operation 124 [1/1] (1.24ns)   --->   "%select_ln59 = select i1 %icmp_ln61, i8 0, i8 %i_load" [nlms_filter/top.cpp:59]   --->   Operation 124 'select' 'select_ln59' <Predicate = (!icmp_ln59)> <Delay = 1.24> <CoreInst = "Sel">   --->   Core 73 'Sel' <Latency = 0> <II = 1> <Delay = 1.24> <FuncUnit> <Opcode : 'select'> <InPorts = 3> <OutPorts = 1>
ST_1 : Operation 125 [1/1] (1.58ns)   --->   "%store_ln61 = store i11 %add_ln59, i11 %indvar_flatten" [nlms_filter/top.cpp:61]   --->   Operation 125 'store' 'store_ln61' <Predicate = (!icmp_ln59)> <Delay = 1.58>

State 2 <SV = 1> <Delay = 3.45>
ST_2 : Operation 126 [1/1] (0.00ns)   --->   "%zext_ln61 = zext i8 %select_ln59" [nlms_filter/top.cpp:61]   --->   Operation 126 'zext' 'zext_ln61' <Predicate = true> <Delay = 0.00>
ST_2 : Operation 127 [1/1] (0.00ns)   --->   "%input_signal_addr = getelementptr i32 %input_signal, i64 0, i64 %zext_ln61" [nlms_filter/top.cpp:63]   --->   Operation 127 'getelementptr' 'input_signal_addr' <Predicate = true> <Delay = 0.00>
ST_2 : Operation 128 [2/2] (3.25ns)   --->   "%input_signal_load = load i7 %input_signal_addr" [nlms_filter/top.cpp:63]   --->   Operation 128 'load' 'input_signal_load' <Predicate = true> <Delay = 3.25> <CoreInst = "RAM">   --->   Core 82 'RAM' <Latency = 1> <II = 1> <Delay = 3.25> <Storage> <Opcode : 'load' 'store'> <Ports = 2> <Width = 32> <Depth = 128> <RAM>
ST_2 : Operation 129 [1/1] (1.87ns)   --->   "%add_ln61 = add i8 %select_ln59, i8 1" [nlms_filter/top.cpp:61]   --->   Operation 129 'add' 'add_ln61' <Predicate = true> <Delay = 1.87> <CoreInst = "Adder">   --->   Core 1 'Adder' <Latency = 0> <II = 1> <Delay = 1.87> <FuncUnit> <Opcode : 'add' 'sub'> <InPorts = 2> <OutPorts = 1>
ST_2 : Operation 130 [1/1] (1.58ns)   --->   "%store_ln61 = store i8 %add_ln61, i8 %i" [nlms_filter/top.cpp:61]   --->   Operation 130 'store' 'store_ln61' <Predicate = true> <Delay = 1.58>

State 3 <SV = 2> <Delay = 3.25>
ST_3 : Operation 131 [1/2] (3.25ns)   --->   "%input_signal_load = load i7 %input_signal_addr" [nlms_filter/top.cpp:63]   --->   Operation 131 'load' 'input_signal_load' <Predicate = true> <Delay = 3.25> <CoreInst = "RAM">   --->   Core 82 'RAM' <Latency = 1> <II = 1> <Delay = 3.25> <Storage> <Opcode : 'load' 'store'> <Ports = 2> <Width = 32> <Depth = 128> <RAM>

State 4 <SV = 3> <Delay = 5.78>
ST_4 : Operation 132 [1/1] (0.00ns)   --->   "%bitcast_ln63_1 = bitcast i32 %input_signal_load" [nlms_filter/top.cpp:63]   --->   Operation 132 'bitcast' 'bitcast_ln63_1' <Predicate = true> <Delay = 0.00>
ST_4 : Operation 133 [4/4] (5.78ns)   --->   "%mul = fmul i32 %bitcast_ln63_1, i32 %bitcast_ln63_1" [nlms_filter/top.cpp:65]   --->   Operation 133 'fmul' 'mul' <Predicate = true> <Delay = 5.78> <CoreInst = "FMul_maxdsp">   --->   Core 30 'FMul_maxdsp' <Latency = 3> <II = 1> <Delay = 5.78> <FuncUnit> <Opcode : 'fmul'> <InPorts = 2> <OutPorts = 1>

State 5 <SV = 4> <Delay = 5.78>
ST_5 : Operation 134 [3/4] (5.78ns)   --->   "%mul = fmul i32 %bitcast_ln63_1, i32 %bitcast_ln63_1" [nlms_filter/top.cpp:65]   --->   Operation 134 'fmul' 'mul' <Predicate = true> <Delay = 5.78> <CoreInst = "FMul_maxdsp">   --->   Core 30 'FMul_maxdsp' <Latency = 3> <II = 1> <Delay = 5.78> <FuncUnit> <Opcode : 'fmul'> <InPorts = 2> <OutPorts = 1>

State 6 <SV = 5> <Delay = 5.78>
ST_6 : Operation 135 [2/4] (5.78ns)   --->   "%mul = fmul i32 %bitcast_ln63_1, i32 %bitcast_ln63_1" [nlms_filter/top.cpp:65]   --->   Operation 135 'fmul' 'mul' <Predicate = true> <Delay = 5.78> <CoreInst = "FMul_maxdsp">   --->   Core 30 'FMul_maxdsp' <Latency = 3> <II = 1> <Delay = 5.78> <FuncUnit> <Opcode : 'fmul'> <InPorts = 2> <OutPorts = 1>

State 7 <SV = 6> <Delay = 5.78>
ST_7 : Operation 136 [1/4] (5.78ns)   --->   "%mul = fmul i32 %bitcast_ln63_1, i32 %bitcast_ln63_1" [nlms_filter/top.cpp:65]   --->   Operation 136 'fmul' 'mul' <Predicate = true> <Delay = 5.78> <CoreInst = "FMul_maxdsp">   --->   Core 30 'FMul_maxdsp' <Latency = 3> <II = 1> <Delay = 5.78> <FuncUnit> <Opcode : 'fmul'> <InPorts = 2> <OutPorts = 1>

State 8 <SV = 7> <Delay = 4.09>
ST_8 : Operation 137 [2/2] (4.09ns)   --->   "%conv1 = fpext i32 %mul" [nlms_filter/top.cpp:65]   --->   Operation 137 'fpext' 'conv1' <Predicate = true> <Delay = 4.09> <CoreInst = "Float2Double">   --->   Core 64 'Float2Double' <Latency = 1> <II = 1> <Delay = 4.09> <FuncUnit> <Opcode : 'fpext'> <InPorts = 1> <OutPorts = 1>

State 9 <SV = 8> <Delay = 4.09>
ST_9 : Operation 138 [1/2] (4.09ns)   --->   "%conv1 = fpext i32 %mul" [nlms_filter/top.cpp:65]   --->   Operation 138 'fpext' 'conv1' <Predicate = true> <Delay = 4.09> <CoreInst = "Float2Double">   --->   Core 64 'Float2Double' <Latency = 1> <II = 1> <Delay = 4.09> <FuncUnit> <Opcode : 'fpext'> <InPorts = 1> <OutPorts = 1>

State 10 <SV = 9> <Delay = 5.65>
ST_10 : Operation 139 [8/8] (5.65ns)   --->   "%add = dadd i64 %conv1, i64 0.0001" [nlms_filter/top.cpp:65]   --->   Operation 139 'dadd' 'add' <Predicate = true> <Delay = 5.65> <CoreInst = "DAddSub_fulldsp">   --->   Core 37 'DAddSub_fulldsp' <Latency = 7> <II = 1> <Delay = 5.65> <FuncUnit> <Opcode : 'dadd' 'dsub'> <InPorts = 2> <OutPorts = 1>

State 11 <SV = 10> <Delay = 5.65>
ST_11 : Operation 140 [7/8] (5.65ns)   --->   "%add = dadd i64 %conv1, i64 0.0001" [nlms_filter/top.cpp:65]   --->   Operation 140 'dadd' 'add' <Predicate = true> <Delay = 5.65> <CoreInst = "DAddSub_fulldsp">   --->   Core 37 'DAddSub_fulldsp' <Latency = 7> <II = 1> <Delay = 5.65> <FuncUnit> <Opcode : 'dadd' 'dsub'> <InPorts = 2> <OutPorts = 1>

State 12 <SV = 11> <Delay = 5.65>
ST_12 : Operation 141 [6/8] (5.65ns)   --->   "%add = dadd i64 %conv1, i64 0.0001" [nlms_filter/top.cpp:65]   --->   Operation 141 'dadd' 'add' <Predicate = true> <Delay = 5.65> <CoreInst = "DAddSub_fulldsp">   --->   Core 37 'DAddSub_fulldsp' <Latency = 7> <II = 1> <Delay = 5.65> <FuncUnit> <Opcode : 'dadd' 'dsub'> <InPorts = 2> <OutPorts = 1>

State 13 <SV = 12> <Delay = 5.65>
ST_13 : Operation 142 [5/8] (5.65ns)   --->   "%add = dadd i64 %conv1, i64 0.0001" [nlms_filter/top.cpp:65]   --->   Operation 142 'dadd' 'add' <Predicate = true> <Delay = 5.65> <CoreInst = "DAddSub_fulldsp">   --->   Core 37 'DAddSub_fulldsp' <Latency = 7> <II = 1> <Delay = 5.65> <FuncUnit> <Opcode : 'dadd' 'dsub'> <InPorts = 2> <OutPorts = 1>

State 14 <SV = 13> <Delay = 5.65>
ST_14 : Operation 143 [4/8] (5.65ns)   --->   "%add = dadd i64 %conv1, i64 0.0001" [nlms_filter/top.cpp:65]   --->   Operation 143 'dadd' 'add' <Predicate = true> <Delay = 5.65> <CoreInst = "DAddSub_fulldsp">   --->   Core 37 'DAddSub_fulldsp' <Latency = 7> <II = 1> <Delay = 5.65> <FuncUnit> <Opcode : 'dadd' 'dsub'> <InPorts = 2> <OutPorts = 1>

State 15 <SV = 14> <Delay = 5.65>
ST_15 : Operation 144 [3/8] (5.65ns)   --->   "%add = dadd i64 %conv1, i64 0.0001" [nlms_filter/top.cpp:65]   --->   Operation 144 'dadd' 'add' <Predicate = true> <Delay = 5.65> <CoreInst = "DAddSub_fulldsp">   --->   Core 37 'DAddSub_fulldsp' <Latency = 7> <II = 1> <Delay = 5.65> <FuncUnit> <Opcode : 'dadd' 'dsub'> <InPorts = 2> <OutPorts = 1>

State 16 <SV = 15> <Delay = 5.65>
ST_16 : Operation 145 [2/8] (5.65ns)   --->   "%add = dadd i64 %conv1, i64 0.0001" [nlms_filter/top.cpp:65]   --->   Operation 145 'dadd' 'add' <Predicate = true> <Delay = 5.65> <CoreInst = "DAddSub_fulldsp">   --->   Core 37 'DAddSub_fulldsp' <Latency = 7> <II = 1> <Delay = 5.65> <FuncUnit> <Opcode : 'dadd' 'dsub'> <InPorts = 2> <OutPorts = 1>

State 17 <SV = 16> <Delay = 5.65>
ST_17 : Operation 146 [1/8] (5.65ns)   --->   "%add = dadd i64 %conv1, i64 0.0001" [nlms_filter/top.cpp:65]   --->   Operation 146 'dadd' 'add' <Predicate = true> <Delay = 5.65> <CoreInst = "DAddSub_fulldsp">   --->   Core 37 'DAddSub_fulldsp' <Latency = 7> <II = 1> <Delay = 5.65> <FuncUnit> <Opcode : 'dadd' 'dsub'> <InPorts = 2> <OutPorts = 1>

State 18 <SV = 17> <Delay = 4.87>
ST_18 : Operation 147 [59/59] (4.87ns)   --->   "%div = ddiv i64 1, i64 %add" [nlms_filter/top.cpp:65]   --->   Operation 147 'ddiv' 'div' <Predicate = true> <Delay = 4.87> <CoreInst = "DDiv">   --->   Core 39 'DDiv' <Latency = 58> <II = 1> <Delay = 4.87> <FuncUnit> <Opcode : 'ddiv' 'drem'> <InPorts = 2> <OutPorts = 1>

State 19 <SV = 18> <Delay = 4.87>
ST_19 : Operation 148 [58/59] (4.87ns)   --->   "%div = ddiv i64 1, i64 %add" [nlms_filter/top.cpp:65]   --->   Operation 148 'ddiv' 'div' <Predicate = true> <Delay = 4.87> <CoreInst = "DDiv">   --->   Core 39 'DDiv' <Latency = 58> <II = 1> <Delay = 4.87> <FuncUnit> <Opcode : 'ddiv' 'drem'> <InPorts = 2> <OutPorts = 1>

State 20 <SV = 19> <Delay = 4.87>
ST_20 : Operation 149 [57/59] (4.87ns)   --->   "%div = ddiv i64 1, i64 %add" [nlms_filter/top.cpp:65]   --->   Operation 149 'ddiv' 'div' <Predicate = true> <Delay = 4.87> <CoreInst = "DDiv">   --->   Core 39 'DDiv' <Latency = 58> <II = 1> <Delay = 4.87> <FuncUnit> <Opcode : 'ddiv' 'drem'> <InPorts = 2> <OutPorts = 1>

State 21 <SV = 20> <Delay = 4.87>
ST_21 : Operation 150 [56/59] (4.87ns)   --->   "%div = ddiv i64 1, i64 %add" [nlms_filter/top.cpp:65]   --->   Operation 150 'ddiv' 'div' <Predicate = true> <Delay = 4.87> <CoreInst = "DDiv">   --->   Core 39 'DDiv' <Latency = 58> <II = 1> <Delay = 4.87> <FuncUnit> <Opcode : 'ddiv' 'drem'> <InPorts = 2> <OutPorts = 1>

State 22 <SV = 21> <Delay = 4.87>
ST_22 : Operation 151 [55/59] (4.87ns)   --->   "%div = ddiv i64 1, i64 %add" [nlms_filter/top.cpp:65]   --->   Operation 151 'ddiv' 'div' <Predicate = true> <Delay = 4.87> <CoreInst = "DDiv">   --->   Core 39 'DDiv' <Latency = 58> <II = 1> <Delay = 4.87> <FuncUnit> <Opcode : 'ddiv' 'drem'> <InPorts = 2> <OutPorts = 1>

State 23 <SV = 22> <Delay = 4.87>
ST_23 : Operation 152 [54/59] (4.87ns)   --->   "%div = ddiv i64 1, i64 %add" [nlms_filter/top.cpp:65]   --->   Operation 152 'ddiv' 'div' <Predicate = true> <Delay = 4.87> <CoreInst = "DDiv">   --->   Core 39 'DDiv' <Latency = 58> <II = 1> <Delay = 4.87> <FuncUnit> <Opcode : 'ddiv' 'drem'> <InPorts = 2> <OutPorts = 1>

State 24 <SV = 23> <Delay = 4.87>
ST_24 : Operation 153 [53/59] (4.87ns)   --->   "%div = ddiv i64 1, i64 %add" [nlms_filter/top.cpp:65]   --->   Operation 153 'ddiv' 'div' <Predicate = true> <Delay = 4.87> <CoreInst = "DDiv">   --->   Core 39 'DDiv' <Latency = 58> <II = 1> <Delay = 4.87> <FuncUnit> <Opcode : 'ddiv' 'drem'> <InPorts = 2> <OutPorts = 1>

State 25 <SV = 24> <Delay = 4.87>
ST_25 : Operation 154 [52/59] (4.87ns)   --->   "%div = ddiv i64 1, i64 %add" [nlms_filter/top.cpp:65]   --->   Operation 154 'ddiv' 'div' <Predicate = true> <Delay = 4.87> <CoreInst = "DDiv">   --->   Core 39 'DDiv' <Latency = 58> <II = 1> <Delay = 4.87> <FuncUnit> <Opcode : 'ddiv' 'drem'> <InPorts = 2> <OutPorts = 1>

State 26 <SV = 25> <Delay = 4.87>
ST_26 : Operation 155 [51/59] (4.87ns)   --->   "%div = ddiv i64 1, i64 %add" [nlms_filter/top.cpp:65]   --->   Operation 155 'ddiv' 'div' <Predicate = true> <Delay = 4.87> <CoreInst = "DDiv">   --->   Core 39 'DDiv' <Latency = 58> <II = 1> <Delay = 4.87> <FuncUnit> <Opcode : 'ddiv' 'drem'> <InPorts = 2> <OutPorts = 1>

State 27 <SV = 26> <Delay = 4.87>
ST_27 : Operation 156 [50/59] (4.87ns)   --->   "%div = ddiv i64 1, i64 %add" [nlms_filter/top.cpp:65]   --->   Operation 156 'ddiv' 'div' <Predicate = true> <Delay = 4.87> <CoreInst = "DDiv">   --->   Core 39 'DDiv' <Latency = 58> <II = 1> <Delay = 4.87> <FuncUnit> <Opcode : 'ddiv' 'drem'> <InPorts = 2> <OutPorts = 1>

State 28 <SV = 27> <Delay = 4.87>
ST_28 : Operation 157 [49/59] (4.87ns)   --->   "%div = ddiv i64 1, i64 %add" [nlms_filter/top.cpp:65]   --->   Operation 157 'ddiv' 'div' <Predicate = true> <Delay = 4.87> <CoreInst = "DDiv">   --->   Core 39 'DDiv' <Latency = 58> <II = 1> <Delay = 4.87> <FuncUnit> <Opcode : 'ddiv' 'drem'> <InPorts = 2> <OutPorts = 1>

State 29 <SV = 28> <Delay = 4.87>
ST_29 : Operation 158 [48/59] (4.87ns)   --->   "%div = ddiv i64 1, i64 %add" [nlms_filter/top.cpp:65]   --->   Operation 158 'ddiv' 'div' <Predicate = true> <Delay = 4.87> <CoreInst = "DDiv">   --->   Core 39 'DDiv' <Latency = 58> <II = 1> <Delay = 4.87> <FuncUnit> <Opcode : 'ddiv' 'drem'> <InPorts = 2> <OutPorts = 1>

State 30 <SV = 29> <Delay = 4.87>
ST_30 : Operation 159 [47/59] (4.87ns)   --->   "%div = ddiv i64 1, i64 %add" [nlms_filter/top.cpp:65]   --->   Operation 159 'ddiv' 'div' <Predicate = true> <Delay = 4.87> <CoreInst = "DDiv">   --->   Core 39 'DDiv' <Latency = 58> <II = 1> <Delay = 4.87> <FuncUnit> <Opcode : 'ddiv' 'drem'> <InPorts = 2> <OutPorts = 1>

State 31 <SV = 30> <Delay = 4.87>
ST_31 : Operation 160 [46/59] (4.87ns)   --->   "%div = ddiv i64 1, i64 %add" [nlms_filter/top.cpp:65]   --->   Operation 160 'ddiv' 'div' <Predicate = true> <Delay = 4.87> <CoreInst = "DDiv">   --->   Core 39 'DDiv' <Latency = 58> <II = 1> <Delay = 4.87> <FuncUnit> <Opcode : 'ddiv' 'drem'> <InPorts = 2> <OutPorts = 1>

State 32 <SV = 31> <Delay = 4.87>
ST_32 : Operation 161 [45/59] (4.87ns)   --->   "%div = ddiv i64 1, i64 %add" [nlms_filter/top.cpp:65]   --->   Operation 161 'ddiv' 'div' <Predicate = true> <Delay = 4.87> <CoreInst = "DDiv">   --->   Core 39 'DDiv' <Latency = 58> <II = 1> <Delay = 4.87> <FuncUnit> <Opcode : 'ddiv' 'drem'> <InPorts = 2> <OutPorts = 1>

State 33 <SV = 32> <Delay = 4.87>
ST_33 : Operation 162 [44/59] (4.87ns)   --->   "%div = ddiv i64 1, i64 %add" [nlms_filter/top.cpp:65]   --->   Operation 162 'ddiv' 'div' <Predicate = true> <Delay = 4.87> <CoreInst = "DDiv">   --->   Core 39 'DDiv' <Latency = 58> <II = 1> <Delay = 4.87> <FuncUnit> <Opcode : 'ddiv' 'drem'> <InPorts = 2> <OutPorts = 1>

State 34 <SV = 33> <Delay = 4.87>
ST_34 : Operation 163 [43/59] (4.87ns)   --->   "%div = ddiv i64 1, i64 %add" [nlms_filter/top.cpp:65]   --->   Operation 163 'ddiv' 'div' <Predicate = true> <Delay = 4.87> <CoreInst = "DDiv">   --->   Core 39 'DDiv' <Latency = 58> <II = 1> <Delay = 4.87> <FuncUnit> <Opcode : 'ddiv' 'drem'> <InPorts = 2> <OutPorts = 1>

State 35 <SV = 34> <Delay = 4.87>
ST_35 : Operation 164 [42/59] (4.87ns)   --->   "%div = ddiv i64 1, i64 %add" [nlms_filter/top.cpp:65]   --->   Operation 164 'ddiv' 'div' <Predicate = true> <Delay = 4.87> <CoreInst = "DDiv">   --->   Core 39 'DDiv' <Latency = 58> <II = 1> <Delay = 4.87> <FuncUnit> <Opcode : 'ddiv' 'drem'> <InPorts = 2> <OutPorts = 1>

State 36 <SV = 35> <Delay = 4.87>
ST_36 : Operation 165 [41/59] (4.87ns)   --->   "%div = ddiv i64 1, i64 %add" [nlms_filter/top.cpp:65]   --->   Operation 165 'ddiv' 'div' <Predicate = true> <Delay = 4.87> <CoreInst = "DDiv">   --->   Core 39 'DDiv' <Latency = 58> <II = 1> <Delay = 4.87> <FuncUnit> <Opcode : 'ddiv' 'drem'> <InPorts = 2> <OutPorts = 1>

State 37 <SV = 36> <Delay = 4.87>
ST_37 : Operation 166 [40/59] (4.87ns)   --->   "%div = ddiv i64 1, i64 %add" [nlms_filter/top.cpp:65]   --->   Operation 166 'ddiv' 'div' <Predicate = true> <Delay = 4.87> <CoreInst = "DDiv">   --->   Core 39 'DDiv' <Latency = 58> <II = 1> <Delay = 4.87> <FuncUnit> <Opcode : 'ddiv' 'drem'> <InPorts = 2> <OutPorts = 1>

State 38 <SV = 37> <Delay = 4.87>
ST_38 : Operation 167 [39/59] (4.87ns)   --->   "%div = ddiv i64 1, i64 %add" [nlms_filter/top.cpp:65]   --->   Operation 167 'ddiv' 'div' <Predicate = true> <Delay = 4.87> <CoreInst = "DDiv">   --->   Core 39 'DDiv' <Latency = 58> <II = 1> <Delay = 4.87> <FuncUnit> <Opcode : 'ddiv' 'drem'> <InPorts = 2> <OutPorts = 1>

State 39 <SV = 38> <Delay = 4.87>
ST_39 : Operation 168 [38/59] (4.87ns)   --->   "%div = ddiv i64 1, i64 %add" [nlms_filter/top.cpp:65]   --->   Operation 168 'ddiv' 'div' <Predicate = true> <Delay = 4.87> <CoreInst = "DDiv">   --->   Core 39 'DDiv' <Latency = 58> <II = 1> <Delay = 4.87> <FuncUnit> <Opcode : 'ddiv' 'drem'> <InPorts = 2> <OutPorts = 1>

State 40 <SV = 39> <Delay = 4.87>
ST_40 : Operation 169 [37/59] (4.87ns)   --->   "%div = ddiv i64 1, i64 %add" [nlms_filter/top.cpp:65]   --->   Operation 169 'ddiv' 'div' <Predicate = true> <Delay = 4.87> <CoreInst = "DDiv">   --->   Core 39 'DDiv' <Latency = 58> <II = 1> <Delay = 4.87> <FuncUnit> <Opcode : 'ddiv' 'drem'> <InPorts = 2> <OutPorts = 1>

State 41 <SV = 40> <Delay = 4.87>
ST_41 : Operation 170 [36/59] (4.87ns)   --->   "%div = ddiv i64 1, i64 %add" [nlms_filter/top.cpp:65]   --->   Operation 170 'ddiv' 'div' <Predicate = true> <Delay = 4.87> <CoreInst = "DDiv">   --->   Core 39 'DDiv' <Latency = 58> <II = 1> <Delay = 4.87> <FuncUnit> <Opcode : 'ddiv' 'drem'> <InPorts = 2> <OutPorts = 1>

State 42 <SV = 41> <Delay = 4.87>
ST_42 : Operation 171 [35/59] (4.87ns)   --->   "%div = ddiv i64 1, i64 %add" [nlms_filter/top.cpp:65]   --->   Operation 171 'ddiv' 'div' <Predicate = true> <Delay = 4.87> <CoreInst = "DDiv">   --->   Core 39 'DDiv' <Latency = 58> <II = 1> <Delay = 4.87> <FuncUnit> <Opcode : 'ddiv' 'drem'> <InPorts = 2> <OutPorts = 1>

State 43 <SV = 42> <Delay = 4.87>
ST_43 : Operation 172 [34/59] (4.87ns)   --->   "%div = ddiv i64 1, i64 %add" [nlms_filter/top.cpp:65]   --->   Operation 172 'ddiv' 'div' <Predicate = true> <Delay = 4.87> <CoreInst = "DDiv">   --->   Core 39 'DDiv' <Latency = 58> <II = 1> <Delay = 4.87> <FuncUnit> <Opcode : 'ddiv' 'drem'> <InPorts = 2> <OutPorts = 1>

State 44 <SV = 43> <Delay = 4.87>
ST_44 : Operation 173 [33/59] (4.87ns)   --->   "%div = ddiv i64 1, i64 %add" [nlms_filter/top.cpp:65]   --->   Operation 173 'ddiv' 'div' <Predicate = true> <Delay = 4.87> <CoreInst = "DDiv">   --->   Core 39 'DDiv' <Latency = 58> <II = 1> <Delay = 4.87> <FuncUnit> <Opcode : 'ddiv' 'drem'> <InPorts = 2> <OutPorts = 1>

State 45 <SV = 44> <Delay = 4.87>
ST_45 : Operation 174 [32/59] (4.87ns)   --->   "%div = ddiv i64 1, i64 %add" [nlms_filter/top.cpp:65]   --->   Operation 174 'ddiv' 'div' <Predicate = true> <Delay = 4.87> <CoreInst = "DDiv">   --->   Core 39 'DDiv' <Latency = 58> <II = 1> <Delay = 4.87> <FuncUnit> <Opcode : 'ddiv' 'drem'> <InPorts = 2> <OutPorts = 1>

State 46 <SV = 45> <Delay = 4.87>
ST_46 : Operation 175 [31/59] (4.87ns)   --->   "%div = ddiv i64 1, i64 %add" [nlms_filter/top.cpp:65]   --->   Operation 175 'ddiv' 'div' <Predicate = true> <Delay = 4.87> <CoreInst = "DDiv">   --->   Core 39 'DDiv' <Latency = 58> <II = 1> <Delay = 4.87> <FuncUnit> <Opcode : 'ddiv' 'drem'> <InPorts = 2> <OutPorts = 1>

State 47 <SV = 46> <Delay = 4.87>
ST_47 : Operation 176 [30/59] (4.87ns)   --->   "%div = ddiv i64 1, i64 %add" [nlms_filter/top.cpp:65]   --->   Operation 176 'ddiv' 'div' <Predicate = true> <Delay = 4.87> <CoreInst = "DDiv">   --->   Core 39 'DDiv' <Latency = 58> <II = 1> <Delay = 4.87> <FuncUnit> <Opcode : 'ddiv' 'drem'> <InPorts = 2> <OutPorts = 1>

State 48 <SV = 47> <Delay = 4.87>
ST_48 : Operation 177 [29/59] (4.87ns)   --->   "%div = ddiv i64 1, i64 %add" [nlms_filter/top.cpp:65]   --->   Operation 177 'ddiv' 'div' <Predicate = true> <Delay = 4.87> <CoreInst = "DDiv">   --->   Core 39 'DDiv' <Latency = 58> <II = 1> <Delay = 4.87> <FuncUnit> <Opcode : 'ddiv' 'drem'> <InPorts = 2> <OutPorts = 1>

State 49 <SV = 48> <Delay = 4.87>
ST_49 : Operation 178 [28/59] (4.87ns)   --->   "%div = ddiv i64 1, i64 %add" [nlms_filter/top.cpp:65]   --->   Operation 178 'ddiv' 'div' <Predicate = true> <Delay = 4.87> <CoreInst = "DDiv">   --->   Core 39 'DDiv' <Latency = 58> <II = 1> <Delay = 4.87> <FuncUnit> <Opcode : 'ddiv' 'drem'> <InPorts = 2> <OutPorts = 1>

State 50 <SV = 49> <Delay = 4.87>
ST_50 : Operation 179 [27/59] (4.87ns)   --->   "%div = ddiv i64 1, i64 %add" [nlms_filter/top.cpp:65]   --->   Operation 179 'ddiv' 'div' <Predicate = true> <Delay = 4.87> <CoreInst = "DDiv">   --->   Core 39 'DDiv' <Latency = 58> <II = 1> <Delay = 4.87> <FuncUnit> <Opcode : 'ddiv' 'drem'> <InPorts = 2> <OutPorts = 1>

State 51 <SV = 50> <Delay = 4.87>
ST_51 : Operation 180 [26/59] (4.87ns)   --->   "%div = ddiv i64 1, i64 %add" [nlms_filter/top.cpp:65]   --->   Operation 180 'ddiv' 'div' <Predicate = true> <Delay = 4.87> <CoreInst = "DDiv">   --->   Core 39 'DDiv' <Latency = 58> <II = 1> <Delay = 4.87> <FuncUnit> <Opcode : 'ddiv' 'drem'> <InPorts = 2> <OutPorts = 1>

State 52 <SV = 51> <Delay = 4.87>
ST_52 : Operation 181 [25/59] (4.87ns)   --->   "%div = ddiv i64 1, i64 %add" [nlms_filter/top.cpp:65]   --->   Operation 181 'ddiv' 'div' <Predicate = true> <Delay = 4.87> <CoreInst = "DDiv">   --->   Core 39 'DDiv' <Latency = 58> <II = 1> <Delay = 4.87> <FuncUnit> <Opcode : 'ddiv' 'drem'> <InPorts = 2> <OutPorts = 1>

State 53 <SV = 52> <Delay = 4.87>
ST_53 : Operation 182 [24/59] (4.87ns)   --->   "%div = ddiv i64 1, i64 %add" [nlms_filter/top.cpp:65]   --->   Operation 182 'ddiv' 'div' <Predicate = true> <Delay = 4.87> <CoreInst = "DDiv">   --->   Core 39 'DDiv' <Latency = 58> <II = 1> <Delay = 4.87> <FuncUnit> <Opcode : 'ddiv' 'drem'> <InPorts = 2> <OutPorts = 1>

State 54 <SV = 53> <Delay = 4.87>
ST_54 : Operation 183 [23/59] (4.87ns)   --->   "%div = ddiv i64 1, i64 %add" [nlms_filter/top.cpp:65]   --->   Operation 183 'ddiv' 'div' <Predicate = true> <Delay = 4.87> <CoreInst = "DDiv">   --->   Core 39 'DDiv' <Latency = 58> <II = 1> <Delay = 4.87> <FuncUnit> <Opcode : 'ddiv' 'drem'> <InPorts = 2> <OutPorts = 1>

State 55 <SV = 54> <Delay = 4.87>
ST_55 : Operation 184 [22/59] (4.87ns)   --->   "%div = ddiv i64 1, i64 %add" [nlms_filter/top.cpp:65]   --->   Operation 184 'ddiv' 'div' <Predicate = true> <Delay = 4.87> <CoreInst = "DDiv">   --->   Core 39 'DDiv' <Latency = 58> <II = 1> <Delay = 4.87> <FuncUnit> <Opcode : 'ddiv' 'drem'> <InPorts = 2> <OutPorts = 1>

State 56 <SV = 55> <Delay = 4.87>
ST_56 : Operation 185 [21/59] (4.87ns)   --->   "%div = ddiv i64 1, i64 %add" [nlms_filter/top.cpp:65]   --->   Operation 185 'ddiv' 'div' <Predicate = true> <Delay = 4.87> <CoreInst = "DDiv">   --->   Core 39 'DDiv' <Latency = 58> <II = 1> <Delay = 4.87> <FuncUnit> <Opcode : 'ddiv' 'drem'> <InPorts = 2> <OutPorts = 1>

State 57 <SV = 56> <Delay = 4.87>
ST_57 : Operation 186 [20/59] (4.87ns)   --->   "%div = ddiv i64 1, i64 %add" [nlms_filter/top.cpp:65]   --->   Operation 186 'ddiv' 'div' <Predicate = true> <Delay = 4.87> <CoreInst = "DDiv">   --->   Core 39 'DDiv' <Latency = 58> <II = 1> <Delay = 4.87> <FuncUnit> <Opcode : 'ddiv' 'drem'> <InPorts = 2> <OutPorts = 1>

State 58 <SV = 57> <Delay = 4.87>
ST_58 : Operation 187 [19/59] (4.87ns)   --->   "%div = ddiv i64 1, i64 %add" [nlms_filter/top.cpp:65]   --->   Operation 187 'ddiv' 'div' <Predicate = true> <Delay = 4.87> <CoreInst = "DDiv">   --->   Core 39 'DDiv' <Latency = 58> <II = 1> <Delay = 4.87> <FuncUnit> <Opcode : 'ddiv' 'drem'> <InPorts = 2> <OutPorts = 1>

State 59 <SV = 58> <Delay = 4.87>
ST_59 : Operation 188 [18/59] (4.87ns)   --->   "%div = ddiv i64 1, i64 %add" [nlms_filter/top.cpp:65]   --->   Operation 188 'ddiv' 'div' <Predicate = true> <Delay = 4.87> <CoreInst = "DDiv">   --->   Core 39 'DDiv' <Latency = 58> <II = 1> <Delay = 4.87> <FuncUnit> <Opcode : 'ddiv' 'drem'> <InPorts = 2> <OutPorts = 1>

State 60 <SV = 59> <Delay = 4.87>
ST_60 : Operation 189 [17/59] (4.87ns)   --->   "%div = ddiv i64 1, i64 %add" [nlms_filter/top.cpp:65]   --->   Operation 189 'ddiv' 'div' <Predicate = true> <Delay = 4.87> <CoreInst = "DDiv">   --->   Core 39 'DDiv' <Latency = 58> <II = 1> <Delay = 4.87> <FuncUnit> <Opcode : 'ddiv' 'drem'> <InPorts = 2> <OutPorts = 1>

State 61 <SV = 60> <Delay = 4.87>
ST_61 : Operation 190 [16/59] (4.87ns)   --->   "%div = ddiv i64 1, i64 %add" [nlms_filter/top.cpp:65]   --->   Operation 190 'ddiv' 'div' <Predicate = true> <Delay = 4.87> <CoreInst = "DDiv">   --->   Core 39 'DDiv' <Latency = 58> <II = 1> <Delay = 4.87> <FuncUnit> <Opcode : 'ddiv' 'drem'> <InPorts = 2> <OutPorts = 1>

State 62 <SV = 61> <Delay = 4.87>
ST_62 : Operation 191 [15/59] (4.87ns)   --->   "%div = ddiv i64 1, i64 %add" [nlms_filter/top.cpp:65]   --->   Operation 191 'ddiv' 'div' <Predicate = true> <Delay = 4.87> <CoreInst = "DDiv">   --->   Core 39 'DDiv' <Latency = 58> <II = 1> <Delay = 4.87> <FuncUnit> <Opcode : 'ddiv' 'drem'> <InPorts = 2> <OutPorts = 1>

State 63 <SV = 62> <Delay = 4.87>
ST_63 : Operation 192 [14/59] (4.87ns)   --->   "%div = ddiv i64 1, i64 %add" [nlms_filter/top.cpp:65]   --->   Operation 192 'ddiv' 'div' <Predicate = true> <Delay = 4.87> <CoreInst = "DDiv">   --->   Core 39 'DDiv' <Latency = 58> <II = 1> <Delay = 4.87> <FuncUnit> <Opcode : 'ddiv' 'drem'> <InPorts = 2> <OutPorts = 1>

State 64 <SV = 63> <Delay = 4.87>
ST_64 : Operation 193 [13/59] (4.87ns)   --->   "%div = ddiv i64 1, i64 %add" [nlms_filter/top.cpp:65]   --->   Operation 193 'ddiv' 'div' <Predicate = true> <Delay = 4.87> <CoreInst = "DDiv">   --->   Core 39 'DDiv' <Latency = 58> <II = 1> <Delay = 4.87> <FuncUnit> <Opcode : 'ddiv' 'drem'> <InPorts = 2> <OutPorts = 1>

State 65 <SV = 64> <Delay = 4.87>
ST_65 : Operation 194 [12/59] (4.87ns)   --->   "%div = ddiv i64 1, i64 %add" [nlms_filter/top.cpp:65]   --->   Operation 194 'ddiv' 'div' <Predicate = true> <Delay = 4.87> <CoreInst = "DDiv">   --->   Core 39 'DDiv' <Latency = 58> <II = 1> <Delay = 4.87> <FuncUnit> <Opcode : 'ddiv' 'drem'> <InPorts = 2> <OutPorts = 1>

State 66 <SV = 65> <Delay = 4.87>
ST_66 : Operation 195 [11/59] (4.87ns)   --->   "%div = ddiv i64 1, i64 %add" [nlms_filter/top.cpp:65]   --->   Operation 195 'ddiv' 'div' <Predicate = true> <Delay = 4.87> <CoreInst = "DDiv">   --->   Core 39 'DDiv' <Latency = 58> <II = 1> <Delay = 4.87> <FuncUnit> <Opcode : 'ddiv' 'drem'> <InPorts = 2> <OutPorts = 1>

State 67 <SV = 66> <Delay = 4.87>
ST_67 : Operation 196 [10/59] (4.87ns)   --->   "%div = ddiv i64 1, i64 %add" [nlms_filter/top.cpp:65]   --->   Operation 196 'ddiv' 'div' <Predicate = true> <Delay = 4.87> <CoreInst = "DDiv">   --->   Core 39 'DDiv' <Latency = 58> <II = 1> <Delay = 4.87> <FuncUnit> <Opcode : 'ddiv' 'drem'> <InPorts = 2> <OutPorts = 1>

State 68 <SV = 67> <Delay = 4.87>
ST_68 : Operation 197 [9/59] (4.87ns)   --->   "%div = ddiv i64 1, i64 %add" [nlms_filter/top.cpp:65]   --->   Operation 197 'ddiv' 'div' <Predicate = true> <Delay = 4.87> <CoreInst = "DDiv">   --->   Core 39 'DDiv' <Latency = 58> <II = 1> <Delay = 4.87> <FuncUnit> <Opcode : 'ddiv' 'drem'> <InPorts = 2> <OutPorts = 1>

State 69 <SV = 68> <Delay = 4.87>
ST_69 : Operation 198 [1/1] (0.00ns)   --->   "%weights_addr = getelementptr i32 %weights, i64 0, i64 %zext_ln61" [nlms_filter/top.cpp:63]   --->   Operation 198 'getelementptr' 'weights_addr' <Predicate = true> <Delay = 0.00>
ST_69 : Operation 199 [2/2] (3.25ns)   --->   "%weights_load = load i7 %weights_addr" [nlms_filter/top.cpp:63]   --->   Operation 199 'load' 'weights_load' <Predicate = true> <Delay = 3.25> <CoreInst = "RAM">   --->   Core 82 'RAM' <Latency = 1> <II = 1> <Delay = 3.25> <Storage> <Opcode : 'load' 'store'> <Ports = 2> <Width = 32> <Depth = 128> <RAM>
ST_69 : Operation 200 [8/59] (4.87ns)   --->   "%div = ddiv i64 1, i64 %add" [nlms_filter/top.cpp:65]   --->   Operation 200 'ddiv' 'div' <Predicate = true> <Delay = 4.87> <CoreInst = "DDiv">   --->   Core 39 'DDiv' <Latency = 58> <II = 1> <Delay = 4.87> <FuncUnit> <Opcode : 'ddiv' 'drem'> <InPorts = 2> <OutPorts = 1>

State 70 <SV = 69> <Delay = 4.87>
ST_70 : Operation 201 [1/2] (3.25ns)   --->   "%weights_load = load i7 %weights_addr" [nlms_filter/top.cpp:63]   --->   Operation 201 'load' 'weights_load' <Predicate = true> <Delay = 3.25> <CoreInst = "RAM">   --->   Core 82 'RAM' <Latency = 1> <II = 1> <Delay = 3.25> <Storage> <Opcode : 'load' 'store'> <Ports = 2> <Width = 32> <Depth = 128> <RAM>
ST_70 : Operation 202 [7/59] (4.87ns)   --->   "%div = ddiv i64 1, i64 %add" [nlms_filter/top.cpp:65]   --->   Operation 202 'ddiv' 'div' <Predicate = true> <Delay = 4.87> <CoreInst = "DDiv">   --->   Core 39 'DDiv' <Latency = 58> <II = 1> <Delay = 4.87> <FuncUnit> <Opcode : 'ddiv' 'drem'> <InPorts = 2> <OutPorts = 1>

State 71 <SV = 70> <Delay = 5.78>
ST_71 : Operation 203 [1/1] (0.00ns)   --->   "%bitcast_ln63 = bitcast i32 %weights_load" [nlms_filter/top.cpp:63]   --->   Operation 203 'bitcast' 'bitcast_ln63' <Predicate = true> <Delay = 0.00>
ST_71 : Operation 204 [4/4] (5.78ns)   --->   "%estimation = fmul i32 %bitcast_ln63, i32 %bitcast_ln63_1" [nlms_filter/top.cpp:63]   --->   Operation 204 'fmul' 'estimation' <Predicate = true> <Delay = 5.78> <CoreInst = "FMul_maxdsp">   --->   Core 30 'FMul_maxdsp' <Latency = 3> <II = 1> <Delay = 5.78> <FuncUnit> <Opcode : 'fmul'> <InPorts = 2> <OutPorts = 1>
ST_71 : Operation 205 [6/59] (4.87ns)   --->   "%div = ddiv i64 1, i64 %add" [nlms_filter/top.cpp:65]   --->   Operation 205 'ddiv' 'div' <Predicate = true> <Delay = 4.87> <CoreInst = "DDiv">   --->   Core 39 'DDiv' <Latency = 58> <II = 1> <Delay = 4.87> <FuncUnit> <Opcode : 'ddiv' 'drem'> <InPorts = 2> <OutPorts = 1>

State 72 <SV = 71> <Delay = 5.78>
ST_72 : Operation 206 [3/4] (5.78ns)   --->   "%estimation = fmul i32 %bitcast_ln63, i32 %bitcast_ln63_1" [nlms_filter/top.cpp:63]   --->   Operation 206 'fmul' 'estimation' <Predicate = true> <Delay = 5.78> <CoreInst = "FMul_maxdsp">   --->   Core 30 'FMul_maxdsp' <Latency = 3> <II = 1> <Delay = 5.78> <FuncUnit> <Opcode : 'fmul'> <InPorts = 2> <OutPorts = 1>
ST_72 : Operation 207 [5/59] (4.87ns)   --->   "%div = ddiv i64 1, i64 %add" [nlms_filter/top.cpp:65]   --->   Operation 207 'ddiv' 'div' <Predicate = true> <Delay = 4.87> <CoreInst = "DDiv">   --->   Core 39 'DDiv' <Latency = 58> <II = 1> <Delay = 4.87> <FuncUnit> <Opcode : 'ddiv' 'drem'> <InPorts = 2> <OutPorts = 1>

State 73 <SV = 72> <Delay = 5.78>
ST_73 : Operation 208 [2/4] (5.78ns)   --->   "%estimation = fmul i32 %bitcast_ln63, i32 %bitcast_ln63_1" [nlms_filter/top.cpp:63]   --->   Operation 208 'fmul' 'estimation' <Predicate = true> <Delay = 5.78> <CoreInst = "FMul_maxdsp">   --->   Core 30 'FMul_maxdsp' <Latency = 3> <II = 1> <Delay = 5.78> <FuncUnit> <Opcode : 'fmul'> <InPorts = 2> <OutPorts = 1>
ST_73 : Operation 209 [1/1] (0.00ns)   --->   "%desired_signal_addr = getelementptr i32 %desired_signal, i64 0, i64 %zext_ln61" [nlms_filter/top.cpp:64]   --->   Operation 209 'getelementptr' 'desired_signal_addr' <Predicate = true> <Delay = 0.00>
ST_73 : Operation 210 [2/2] (3.25ns)   --->   "%desired_signal_load = load i7 %desired_signal_addr" [nlms_filter/top.cpp:64]   --->   Operation 210 'load' 'desired_signal_load' <Predicate = true> <Delay = 3.25> <CoreInst = "RAM">   --->   Core 82 'RAM' <Latency = 1> <II = 1> <Delay = 3.25> <Storage> <Opcode : 'load' 'store'> <Ports = 2> <Width = 32> <Depth = 128> <RAM>
ST_73 : Operation 211 [4/59] (4.87ns)   --->   "%div = ddiv i64 1, i64 %add" [nlms_filter/top.cpp:65]   --->   Operation 211 'ddiv' 'div' <Predicate = true> <Delay = 4.87> <CoreInst = "DDiv">   --->   Core 39 'DDiv' <Latency = 58> <II = 1> <Delay = 4.87> <FuncUnit> <Opcode : 'ddiv' 'drem'> <InPorts = 2> <OutPorts = 1>

State 74 <SV = 73> <Delay = 5.78>
ST_74 : Operation 212 [1/4] (5.78ns)   --->   "%estimation = fmul i32 %bitcast_ln63, i32 %bitcast_ln63_1" [nlms_filter/top.cpp:63]   --->   Operation 212 'fmul' 'estimation' <Predicate = true> <Delay = 5.78> <CoreInst = "FMul_maxdsp">   --->   Core 30 'FMul_maxdsp' <Latency = 3> <II = 1> <Delay = 5.78> <FuncUnit> <Opcode : 'fmul'> <InPorts = 2> <OutPorts = 1>
ST_74 : Operation 213 [1/2] (3.25ns)   --->   "%desired_signal_load = load i7 %desired_signal_addr" [nlms_filter/top.cpp:64]   --->   Operation 213 'load' 'desired_signal_load' <Predicate = true> <Delay = 3.25> <CoreInst = "RAM">   --->   Core 82 'RAM' <Latency = 1> <II = 1> <Delay = 3.25> <Storage> <Opcode : 'load' 'store'> <Ports = 2> <Width = 32> <Depth = 128> <RAM>
ST_74 : Operation 214 [3/59] (4.87ns)   --->   "%div = ddiv i64 1, i64 %add" [nlms_filter/top.cpp:65]   --->   Operation 214 'ddiv' 'div' <Predicate = true> <Delay = 4.87> <CoreInst = "DDiv">   --->   Core 39 'DDiv' <Latency = 58> <II = 1> <Delay = 4.87> <FuncUnit> <Opcode : 'ddiv' 'drem'> <InPorts = 2> <OutPorts = 1>

State 75 <SV = 74> <Delay = 5.33>
ST_75 : Operation 215 [1/1] (0.00ns)   --->   "%bitcast_ln64 = bitcast i32 %desired_signal_load" [nlms_filter/top.cpp:64]   --->   Operation 215 'bitcast' 'bitcast_ln64' <Predicate = true> <Delay = 0.00>
ST_75 : Operation 216 [8/8] (5.33ns)   --->   "%error = fsub i32 %bitcast_ln64, i32 %estimation" [nlms_filter/top.cpp:64]   --->   Operation 216 'fsub' 'error' <Predicate = true> <Delay = 5.33> <CoreInst = "FAddSub_fulldsp">   --->   Core 18 'FAddSub_fulldsp' <Latency = 7> <II = 1> <Delay = 5.33> <FuncUnit> <Opcode : 'fadd' 'fsub'> <InPorts = 2> <OutPorts = 1>
ST_75 : Operation 217 [2/59] (4.87ns)   --->   "%div = ddiv i64 1, i64 %add" [nlms_filter/top.cpp:65]   --->   Operation 217 'ddiv' 'div' <Predicate = true> <Delay = 4.87> <CoreInst = "DDiv">   --->   Core 39 'DDiv' <Latency = 58> <II = 1> <Delay = 4.87> <FuncUnit> <Opcode : 'ddiv' 'drem'> <InPorts = 2> <OutPorts = 1>
ST_75 : Operation 218 [2/2] (4.09ns)   --->   "%conv2 = fpext i32 %bitcast_ln63_1" [nlms_filter/top.cpp:65]   --->   Operation 218 'fpext' 'conv2' <Predicate = true> <Delay = 4.09> <CoreInst = "Float2Double">   --->   Core 64 'Float2Double' <Latency = 1> <II = 1> <Delay = 4.09> <FuncUnit> <Opcode : 'fpext'> <InPorts = 1> <OutPorts = 1>

State 76 <SV = 75> <Delay = 5.33>
ST_76 : Operation 219 [7/8] (5.33ns)   --->   "%error = fsub i32 %bitcast_ln64, i32 %estimation" [nlms_filter/top.cpp:64]   --->   Operation 219 'fsub' 'error' <Predicate = true> <Delay = 5.33> <CoreInst = "FAddSub_fulldsp">   --->   Core 18 'FAddSub_fulldsp' <Latency = 7> <II = 1> <Delay = 5.33> <FuncUnit> <Opcode : 'fadd' 'fsub'> <InPorts = 2> <OutPorts = 1>
ST_76 : Operation 220 [1/59] (4.87ns)   --->   "%div = ddiv i64 1, i64 %add" [nlms_filter/top.cpp:65]   --->   Operation 220 'ddiv' 'div' <Predicate = true> <Delay = 4.87> <CoreInst = "DDiv">   --->   Core 39 'DDiv' <Latency = 58> <II = 1> <Delay = 4.87> <FuncUnit> <Opcode : 'ddiv' 'drem'> <InPorts = 2> <OutPorts = 1>
ST_76 : Operation 221 [1/2] (4.09ns)   --->   "%conv2 = fpext i32 %bitcast_ln63_1" [nlms_filter/top.cpp:65]   --->   Operation 221 'fpext' 'conv2' <Predicate = true> <Delay = 4.09> <CoreInst = "Float2Double">   --->   Core 64 'Float2Double' <Latency = 1> <II = 1> <Delay = 4.09> <FuncUnit> <Opcode : 'fpext'> <InPorts = 1> <OutPorts = 1>

State 77 <SV = 76> <Delay = 5.70>
ST_77 : Operation 222 [6/8] (5.33ns)   --->   "%error = fsub i32 %bitcast_ln64, i32 %estimation" [nlms_filter/top.cpp:64]   --->   Operation 222 'fsub' 'error' <Predicate = true> <Delay = 5.33> <CoreInst = "FAddSub_fulldsp">   --->   Core 18 'FAddSub_fulldsp' <Latency = 7> <II = 1> <Delay = 5.33> <FuncUnit> <Opcode : 'fadd' 'fsub'> <InPorts = 2> <OutPorts = 1>
ST_77 : Operation 223 [8/8] (5.70ns)   --->   "%mul1 = dmul i64 %div, i64 %conv2" [nlms_filter/top.cpp:65]   --->   Operation 223 'dmul' 'mul1' <Predicate = true> <Delay = 5.70> <CoreInst = "DMul_maxdsp">   --->   Core 49 'DMul_maxdsp' <Latency = 7> <II = 1> <Delay = 5.70> <FuncUnit> <Opcode : 'dmul'> <InPorts = 2> <OutPorts = 1>

State 78 <SV = 77> <Delay = 5.70>
ST_78 : Operation 224 [5/8] (5.33ns)   --->   "%error = fsub i32 %bitcast_ln64, i32 %estimation" [nlms_filter/top.cpp:64]   --->   Operation 224 'fsub' 'error' <Predicate = true> <Delay = 5.33> <CoreInst = "FAddSub_fulldsp">   --->   Core 18 'FAddSub_fulldsp' <Latency = 7> <II = 1> <Delay = 5.33> <FuncUnit> <Opcode : 'fadd' 'fsub'> <InPorts = 2> <OutPorts = 1>
ST_78 : Operation 225 [7/8] (5.70ns)   --->   "%mul1 = dmul i64 %div, i64 %conv2" [nlms_filter/top.cpp:65]   --->   Operation 225 'dmul' 'mul1' <Predicate = true> <Delay = 5.70> <CoreInst = "DMul_maxdsp">   --->   Core 49 'DMul_maxdsp' <Latency = 7> <II = 1> <Delay = 5.70> <FuncUnit> <Opcode : 'dmul'> <InPorts = 2> <OutPorts = 1>

State 79 <SV = 78> <Delay = 5.70>
ST_79 : Operation 226 [4/8] (5.33ns)   --->   "%error = fsub i32 %bitcast_ln64, i32 %estimation" [nlms_filter/top.cpp:64]   --->   Operation 226 'fsub' 'error' <Predicate = true> <Delay = 5.33> <CoreInst = "FAddSub_fulldsp">   --->   Core 18 'FAddSub_fulldsp' <Latency = 7> <II = 1> <Delay = 5.33> <FuncUnit> <Opcode : 'fadd' 'fsub'> <InPorts = 2> <OutPorts = 1>
ST_79 : Operation 227 [6/8] (5.70ns)   --->   "%mul1 = dmul i64 %div, i64 %conv2" [nlms_filter/top.cpp:65]   --->   Operation 227 'dmul' 'mul1' <Predicate = true> <Delay = 5.70> <CoreInst = "DMul_maxdsp">   --->   Core 49 'DMul_maxdsp' <Latency = 7> <II = 1> <Delay = 5.70> <FuncUnit> <Opcode : 'dmul'> <InPorts = 2> <OutPorts = 1>

State 80 <SV = 79> <Delay = 5.70>
ST_80 : Operation 228 [3/8] (5.33ns)   --->   "%error = fsub i32 %bitcast_ln64, i32 %estimation" [nlms_filter/top.cpp:64]   --->   Operation 228 'fsub' 'error' <Predicate = true> <Delay = 5.33> <CoreInst = "FAddSub_fulldsp">   --->   Core 18 'FAddSub_fulldsp' <Latency = 7> <II = 1> <Delay = 5.33> <FuncUnit> <Opcode : 'fadd' 'fsub'> <InPorts = 2> <OutPorts = 1>
ST_80 : Operation 229 [5/8] (5.70ns)   --->   "%mul1 = dmul i64 %div, i64 %conv2" [nlms_filter/top.cpp:65]   --->   Operation 229 'dmul' 'mul1' <Predicate = true> <Delay = 5.70> <CoreInst = "DMul_maxdsp">   --->   Core 49 'DMul_maxdsp' <Latency = 7> <II = 1> <Delay = 5.70> <FuncUnit> <Opcode : 'dmul'> <InPorts = 2> <OutPorts = 1>

State 81 <SV = 80> <Delay = 5.70>
ST_81 : Operation 230 [2/8] (5.33ns)   --->   "%error = fsub i32 %bitcast_ln64, i32 %estimation" [nlms_filter/top.cpp:64]   --->   Operation 230 'fsub' 'error' <Predicate = true> <Delay = 5.33> <CoreInst = "FAddSub_fulldsp">   --->   Core 18 'FAddSub_fulldsp' <Latency = 7> <II = 1> <Delay = 5.33> <FuncUnit> <Opcode : 'fadd' 'fsub'> <InPorts = 2> <OutPorts = 1>
ST_81 : Operation 231 [4/8] (5.70ns)   --->   "%mul1 = dmul i64 %div, i64 %conv2" [nlms_filter/top.cpp:65]   --->   Operation 231 'dmul' 'mul1' <Predicate = true> <Delay = 5.70> <CoreInst = "DMul_maxdsp">   --->   Core 49 'DMul_maxdsp' <Latency = 7> <II = 1> <Delay = 5.70> <FuncUnit> <Opcode : 'dmul'> <InPorts = 2> <OutPorts = 1>

State 82 <SV = 81> <Delay = 5.70>
ST_82 : Operation 232 [1/8] (5.33ns)   --->   "%error = fsub i32 %bitcast_ln64, i32 %estimation" [nlms_filter/top.cpp:64]   --->   Operation 232 'fsub' 'error' <Predicate = true> <Delay = 5.33> <CoreInst = "FAddSub_fulldsp">   --->   Core 18 'FAddSub_fulldsp' <Latency = 7> <II = 1> <Delay = 5.33> <FuncUnit> <Opcode : 'fadd' 'fsub'> <InPorts = 2> <OutPorts = 1>
ST_82 : Operation 233 [3/8] (5.70ns)   --->   "%mul1 = dmul i64 %div, i64 %conv2" [nlms_filter/top.cpp:65]   --->   Operation 233 'dmul' 'mul1' <Predicate = true> <Delay = 5.70> <CoreInst = "DMul_maxdsp">   --->   Core 49 'DMul_maxdsp' <Latency = 7> <II = 1> <Delay = 5.70> <FuncUnit> <Opcode : 'dmul'> <InPorts = 2> <OutPorts = 1>

State 83 <SV = 82> <Delay = 5.70>
ST_83 : Operation 234 [2/8] (5.70ns)   --->   "%mul1 = dmul i64 %div, i64 %conv2" [nlms_filter/top.cpp:65]   --->   Operation 234 'dmul' 'mul1' <Predicate = true> <Delay = 5.70> <CoreInst = "DMul_maxdsp">   --->   Core 49 'DMul_maxdsp' <Latency = 7> <II = 1> <Delay = 5.70> <FuncUnit> <Opcode : 'dmul'> <InPorts = 2> <OutPorts = 1>
ST_83 : Operation 235 [2/2] (4.09ns)   --->   "%conv3 = fpext i32 %error" [nlms_filter/top.cpp:65]   --->   Operation 235 'fpext' 'conv3' <Predicate = true> <Delay = 4.09> <CoreInst = "Float2Double">   --->   Core 64 'Float2Double' <Latency = 1> <II = 1> <Delay = 4.09> <FuncUnit> <Opcode : 'fpext'> <InPorts = 1> <OutPorts = 1>

State 84 <SV = 83> <Delay = 5.70>
ST_84 : Operation 236 [1/8] (5.70ns)   --->   "%mul1 = dmul i64 %div, i64 %conv2" [nlms_filter/top.cpp:65]   --->   Operation 236 'dmul' 'mul1' <Predicate = true> <Delay = 5.70> <CoreInst = "DMul_maxdsp">   --->   Core 49 'DMul_maxdsp' <Latency = 7> <II = 1> <Delay = 5.70> <FuncUnit> <Opcode : 'dmul'> <InPorts = 2> <OutPorts = 1>
ST_84 : Operation 237 [1/2] (4.09ns)   --->   "%conv3 = fpext i32 %error" [nlms_filter/top.cpp:65]   --->   Operation 237 'fpext' 'conv3' <Predicate = true> <Delay = 4.09> <CoreInst = "Float2Double">   --->   Core 64 'Float2Double' <Latency = 1> <II = 1> <Delay = 4.09> <FuncUnit> <Opcode : 'fpext'> <InPorts = 1> <OutPorts = 1>

State 85 <SV = 84> <Delay = 5.70>
ST_85 : Operation 238 [8/8] (5.70ns)   --->   "%mul2 = dmul i64 %mul1, i64 %conv3" [nlms_filter/top.cpp:65]   --->   Operation 238 'dmul' 'mul2' <Predicate = true> <Delay = 5.70> <CoreInst = "DMul_maxdsp">   --->   Core 49 'DMul_maxdsp' <Latency = 7> <II = 1> <Delay = 5.70> <FuncUnit> <Opcode : 'dmul'> <InPorts = 2> <OutPorts = 1>

State 86 <SV = 85> <Delay = 5.70>
ST_86 : Operation 239 [7/8] (5.70ns)   --->   "%mul2 = dmul i64 %mul1, i64 %conv3" [nlms_filter/top.cpp:65]   --->   Operation 239 'dmul' 'mul2' <Predicate = true> <Delay = 5.70> <CoreInst = "DMul_maxdsp">   --->   Core 49 'DMul_maxdsp' <Latency = 7> <II = 1> <Delay = 5.70> <FuncUnit> <Opcode : 'dmul'> <InPorts = 2> <OutPorts = 1>

State 87 <SV = 86> <Delay = 5.70>
ST_87 : Operation 240 [6/8] (5.70ns)   --->   "%mul2 = dmul i64 %mul1, i64 %conv3" [nlms_filter/top.cpp:65]   --->   Operation 240 'dmul' 'mul2' <Predicate = true> <Delay = 5.70> <CoreInst = "DMul_maxdsp">   --->   Core 49 'DMul_maxdsp' <Latency = 7> <II = 1> <Delay = 5.70> <FuncUnit> <Opcode : 'dmul'> <InPorts = 2> <OutPorts = 1>

State 88 <SV = 87> <Delay = 5.70>
ST_88 : Operation 241 [5/8] (5.70ns)   --->   "%mul2 = dmul i64 %mul1, i64 %conv3" [nlms_filter/top.cpp:65]   --->   Operation 241 'dmul' 'mul2' <Predicate = true> <Delay = 5.70> <CoreInst = "DMul_maxdsp">   --->   Core 49 'DMul_maxdsp' <Latency = 7> <II = 1> <Delay = 5.70> <FuncUnit> <Opcode : 'dmul'> <InPorts = 2> <OutPorts = 1>

State 89 <SV = 88> <Delay = 5.70>
ST_89 : Operation 242 [4/8] (5.70ns)   --->   "%mul2 = dmul i64 %mul1, i64 %conv3" [nlms_filter/top.cpp:65]   --->   Operation 242 'dmul' 'mul2' <Predicate = true> <Delay = 5.70> <CoreInst = "DMul_maxdsp">   --->   Core 49 'DMul_maxdsp' <Latency = 7> <II = 1> <Delay = 5.70> <FuncUnit> <Opcode : 'dmul'> <InPorts = 2> <OutPorts = 1>

State 90 <SV = 89> <Delay = 5.70>
ST_90 : Operation 243 [3/8] (5.70ns)   --->   "%mul2 = dmul i64 %mul1, i64 %conv3" [nlms_filter/top.cpp:65]   --->   Operation 243 'dmul' 'mul2' <Predicate = true> <Delay = 5.70> <CoreInst = "DMul_maxdsp">   --->   Core 49 'DMul_maxdsp' <Latency = 7> <II = 1> <Delay = 5.70> <FuncUnit> <Opcode : 'dmul'> <InPorts = 2> <OutPorts = 1>

State 91 <SV = 90> <Delay = 5.70>
ST_91 : Operation 244 [2/2] (4.09ns)   --->   "%conv = fpext i32 %bitcast_ln63" [nlms_filter/top.cpp:65]   --->   Operation 244 'fpext' 'conv' <Predicate = true> <Delay = 4.09> <CoreInst = "Float2Double">   --->   Core 64 'Float2Double' <Latency = 1> <II = 1> <Delay = 4.09> <FuncUnit> <Opcode : 'fpext'> <InPorts = 1> <OutPorts = 1>
ST_91 : Operation 245 [2/8] (5.70ns)   --->   "%mul2 = dmul i64 %mul1, i64 %conv3" [nlms_filter/top.cpp:65]   --->   Operation 245 'dmul' 'mul2' <Predicate = true> <Delay = 5.70> <CoreInst = "DMul_maxdsp">   --->   Core 49 'DMul_maxdsp' <Latency = 7> <II = 1> <Delay = 5.70> <FuncUnit> <Opcode : 'dmul'> <InPorts = 2> <OutPorts = 1>

State 92 <SV = 91> <Delay = 5.70>
ST_92 : Operation 246 [1/2] (4.09ns)   --->   "%conv = fpext i32 %bitcast_ln63" [nlms_filter/top.cpp:65]   --->   Operation 246 'fpext' 'conv' <Predicate = true> <Delay = 4.09> <CoreInst = "Float2Double">   --->   Core 64 'Float2Double' <Latency = 1> <II = 1> <Delay = 4.09> <FuncUnit> <Opcode : 'fpext'> <InPorts = 1> <OutPorts = 1>
ST_92 : Operation 247 [1/8] (5.70ns)   --->   "%mul2 = dmul i64 %mul1, i64 %conv3" [nlms_filter/top.cpp:65]   --->   Operation 247 'dmul' 'mul2' <Predicate = true> <Delay = 5.70> <CoreInst = "DMul_maxdsp">   --->   Core 49 'DMul_maxdsp' <Latency = 7> <II = 1> <Delay = 5.70> <FuncUnit> <Opcode : 'dmul'> <InPorts = 2> <OutPorts = 1>

State 93 <SV = 92> <Delay = 5.65>
ST_93 : Operation 248 [8/8] (5.65ns)   --->   "%add1 = dadd i64 %conv, i64 %mul2" [nlms_filter/top.cpp:65]   --->   Operation 248 'dadd' 'add1' <Predicate = true> <Delay = 5.65> <CoreInst = "DAddSub_fulldsp">   --->   Core 37 'DAddSub_fulldsp' <Latency = 7> <II = 1> <Delay = 5.65> <FuncUnit> <Opcode : 'dadd' 'dsub'> <InPorts = 2> <OutPorts = 1>

State 94 <SV = 93> <Delay = 5.65>
ST_94 : Operation 249 [7/8] (5.65ns)   --->   "%add1 = dadd i64 %conv, i64 %mul2" [nlms_filter/top.cpp:65]   --->   Operation 249 'dadd' 'add1' <Predicate = true> <Delay = 5.65> <CoreInst = "DAddSub_fulldsp">   --->   Core 37 'DAddSub_fulldsp' <Latency = 7> <II = 1> <Delay = 5.65> <FuncUnit> <Opcode : 'dadd' 'dsub'> <InPorts = 2> <OutPorts = 1>

State 95 <SV = 94> <Delay = 5.65>
ST_95 : Operation 250 [6/8] (5.65ns)   --->   "%add1 = dadd i64 %conv, i64 %mul2" [nlms_filter/top.cpp:65]   --->   Operation 250 'dadd' 'add1' <Predicate = true> <Delay = 5.65> <CoreInst = "DAddSub_fulldsp">   --->   Core 37 'DAddSub_fulldsp' <Latency = 7> <II = 1> <Delay = 5.65> <FuncUnit> <Opcode : 'dadd' 'dsub'> <InPorts = 2> <OutPorts = 1>

State 96 <SV = 95> <Delay = 5.65>
ST_96 : Operation 251 [5/8] (5.65ns)   --->   "%add1 = dadd i64 %conv, i64 %mul2" [nlms_filter/top.cpp:65]   --->   Operation 251 'dadd' 'add1' <Predicate = true> <Delay = 5.65> <CoreInst = "DAddSub_fulldsp">   --->   Core 37 'DAddSub_fulldsp' <Latency = 7> <II = 1> <Delay = 5.65> <FuncUnit> <Opcode : 'dadd' 'dsub'> <InPorts = 2> <OutPorts = 1>

State 97 <SV = 96> <Delay = 5.65>
ST_97 : Operation 252 [4/8] (5.65ns)   --->   "%add1 = dadd i64 %conv, i64 %mul2" [nlms_filter/top.cpp:65]   --->   Operation 252 'dadd' 'add1' <Predicate = true> <Delay = 5.65> <CoreInst = "DAddSub_fulldsp">   --->   Core 37 'DAddSub_fulldsp' <Latency = 7> <II = 1> <Delay = 5.65> <FuncUnit> <Opcode : 'dadd' 'dsub'> <InPorts = 2> <OutPorts = 1>

State 98 <SV = 97> <Delay = 5.65>
ST_98 : Operation 253 [3/8] (5.65ns)   --->   "%add1 = dadd i64 %conv, i64 %mul2" [nlms_filter/top.cpp:65]   --->   Operation 253 'dadd' 'add1' <Predicate = true> <Delay = 5.65> <CoreInst = "DAddSub_fulldsp">   --->   Core 37 'DAddSub_fulldsp' <Latency = 7> <II = 1> <Delay = 5.65> <FuncUnit> <Opcode : 'dadd' 'dsub'> <InPorts = 2> <OutPorts = 1>

State 99 <SV = 98> <Delay = 5.65>
ST_99 : Operation 254 [2/8] (5.65ns)   --->   "%add1 = dadd i64 %conv, i64 %mul2" [nlms_filter/top.cpp:65]   --->   Operation 254 'dadd' 'add1' <Predicate = true> <Delay = 5.65> <CoreInst = "DAddSub_fulldsp">   --->   Core 37 'DAddSub_fulldsp' <Latency = 7> <II = 1> <Delay = 5.65> <FuncUnit> <Opcode : 'dadd' 'dsub'> <InPorts = 2> <OutPorts = 1>

State 100 <SV = 99> <Delay = 5.65>
ST_100 : Operation 255 [1/8] (5.65ns)   --->   "%add1 = dadd i64 %conv, i64 %mul2" [nlms_filter/top.cpp:65]   --->   Operation 255 'dadd' 'add1' <Predicate = true> <Delay = 5.65> <CoreInst = "DAddSub_fulldsp">   --->   Core 37 'DAddSub_fulldsp' <Latency = 7> <II = 1> <Delay = 5.65> <FuncUnit> <Opcode : 'dadd' 'dsub'> <InPorts = 2> <OutPorts = 1>

State 101 <SV = 100> <Delay = 5.16>
ST_101 : Operation 256 [2/2] (5.16ns)   --->   "%conv4 = fptrunc i64 %add1" [nlms_filter/top.cpp:65]   --->   Operation 256 'fptrunc' 'conv4' <Predicate = true> <Delay = 5.16> <CoreInst = "Double2Float">   --->   Core 67 'Double2Float' <Latency = 1> <II = 1> <Delay = 5.16> <FuncUnit> <Opcode : 'fptrunc'> <InPorts = 1> <OutPorts = 1>

State 102 <SV = 101> <Delay = 5.16>
ST_102 : Operation 257 [1/2] (5.16ns)   --->   "%conv4 = fptrunc i64 %add1" [nlms_filter/top.cpp:65]   --->   Operation 257 'fptrunc' 'conv4' <Predicate = true> <Delay = 5.16> <CoreInst = "Double2Float">   --->   Core 67 'Double2Float' <Latency = 1> <II = 1> <Delay = 5.16> <FuncUnit> <Opcode : 'fptrunc'> <InPorts = 1> <OutPorts = 1>
ST_102 : Operation 265 [1/1] (0.00ns)   --->   "%ret_ln82 = ret" [nlms_filter/top.cpp:82]   --->   Operation 265 'ret' 'ret_ln82' <Predicate = (icmp_ln59)> <Delay = 0.00>

State 103 <SV = 102> <Delay = 3.25>
ST_103 : Operation 258 [1/1] (0.00ns)   --->   "%specloopname_ln0 = specloopname void @_ssdm_op_SpecLoopName, void @nlms_outer_loop_nlms_inner_loop_str"   --->   Operation 258 'specloopname' 'specloopname_ln0' <Predicate = true> <Delay = 0.00>
ST_103 : Operation 259 [1/1] (0.00ns)   --->   "%empty = speclooptripcount i32 @_ssdm_op_SpecLoopTripCount, i64 1280, i64 1280, i64 1280"   --->   Operation 259 'speclooptripcount' 'empty' <Predicate = true> <Delay = 0.00>
ST_103 : Operation 260 [1/1] (0.00ns)   --->   "%specpipeline_ln62 = specpipeline void @_ssdm_op_SpecPipeline, i32 4294967295, i32 0, i32 0, i32 0, void @empty_0" [nlms_filter/top.cpp:62]   --->   Operation 260 'specpipeline' 'specpipeline_ln62' <Predicate = true> <Delay = 0.00>
ST_103 : Operation 261 [1/1] (0.00ns)   --->   "%specloopname_ln61 = specloopname void @_ssdm_op_SpecLoopName, void @empty_2" [nlms_filter/top.cpp:61]   --->   Operation 261 'specloopname' 'specloopname_ln61' <Predicate = true> <Delay = 0.00>
ST_103 : Operation 262 [1/1] (0.00ns)   --->   "%bitcast_ln65 = bitcast i32 %conv4" [nlms_filter/top.cpp:65]   --->   Operation 262 'bitcast' 'bitcast_ln65' <Predicate = true> <Delay = 0.00>
ST_103 : Operation 263 [1/1] (3.25ns)   --->   "%store_ln65 = store i32 %bitcast_ln65, i7 %weights_addr" [nlms_filter/top.cpp:65]   --->   Operation 263 'store' 'store_ln65' <Predicate = true> <Delay = 3.25> <CoreInst = "RAM">   --->   Core 82 'RAM' <Latency = 1> <II = 1> <Delay = 3.25> <Storage> <Opcode : 'load' 'store'> <Ports = 2> <Width = 32> <Depth = 128> <RAM>
ST_103 : Operation 264 [1/1] (0.00ns)   --->   "%br_ln61 = br void %for.inc" [nlms_filter/top.cpp:61]   --->   Operation 264 'br' 'br_ln61' <Predicate = true> <Delay = 0.00>


============================================================
+ Verbose Summary: Timing violations
============================================================
Target clock period: 8ns, clock uncertainty: 2.16ns.

 <State 1>: 3.55ns
The critical path consists of the following:
	'alloca' operation ('indvar_flatten') [5]  (0 ns)
	'load' operation ('indvar_flatten_load', nlms_filter/top.cpp:59) on local variable 'indvar_flatten' [17]  (0 ns)
	'add' operation ('add_ln59', nlms_filter/top.cpp:59) [19]  (1.97 ns)
	'store' operation ('store_ln61', nlms_filter/top.cpp:61) of variable 'add_ln59', nlms_filter/top.cpp:59 on local variable 'indvar_flatten' [55]  (1.58 ns)

 <State 2>: 3.45ns
The critical path consists of the following:
	'add' operation ('add_ln61', nlms_filter/top.cpp:61) [54]  (1.87 ns)
	'store' operation ('store_ln61', nlms_filter/top.cpp:61) of variable 'add_ln61', nlms_filter/top.cpp:61 on local variable 'i' [56]  (1.58 ns)

 <State 3>: 3.25ns
The critical path consists of the following:
	'load' operation ('input_signal_load', nlms_filter/top.cpp:63) on array 'input_signal' [34]  (3.25 ns)

 <State 4>: 5.78ns
The critical path consists of the following:
	'fmul' operation ('mul', nlms_filter/top.cpp:65) [42]  (5.78 ns)

 <State 5>: 5.78ns
The critical path consists of the following:
	'fmul' operation ('mul', nlms_filter/top.cpp:65) [42]  (5.78 ns)

 <State 6>: 5.78ns
The critical path consists of the following:
	'fmul' operation ('mul', nlms_filter/top.cpp:65) [42]  (5.78 ns)

 <State 7>: 5.78ns
The critical path consists of the following:
	'fmul' operation ('mul', nlms_filter/top.cpp:65) [42]  (5.78 ns)

 <State 8>: 4.1ns
The critical path consists of the following:
	'fpext' operation ('conv1', nlms_filter/top.cpp:65) [43]  (4.1 ns)

 <State 9>: 4.1ns
The critical path consists of the following:
	'fpext' operation ('conv1', nlms_filter/top.cpp:65) [43]  (4.1 ns)

 <State 10>: 5.65ns
The critical path consists of the following:
	'dadd' operation ('add', nlms_filter/top.cpp:65) [44]  (5.65 ns)

 <State 11>: 5.65ns
The critical path consists of the following:
	'dadd' operation ('add', nlms_filter/top.cpp:65) [44]  (5.65 ns)

 <State 12>: 5.65ns
The critical path consists of the following:
	'dadd' operation ('add', nlms_filter/top.cpp:65) [44]  (5.65 ns)

 <State 13>: 5.65ns
The critical path consists of the following:
	'dadd' operation ('add', nlms_filter/top.cpp:65) [44]  (5.65 ns)

 <State 14>: 5.65ns
The critical path consists of the following:
	'dadd' operation ('add', nlms_filter/top.cpp:65) [44]  (5.65 ns)

 <State 15>: 5.65ns
The critical path consists of the following:
	'dadd' operation ('add', nlms_filter/top.cpp:65) [44]  (5.65 ns)

 <State 16>: 5.65ns
The critical path consists of the following:
	'dadd' operation ('add', nlms_filter/top.cpp:65) [44]  (5.65 ns)

 <State 17>: 5.65ns
The critical path consists of the following:
	'dadd' operation ('add', nlms_filter/top.cpp:65) [44]  (5.65 ns)

 <State 18>: 4.88ns
The critical path consists of the following:
	'ddiv' operation ('div', nlms_filter/top.cpp:65) [45]  (4.88 ns)

 <State 19>: 4.88ns
The critical path consists of the following:
	'ddiv' operation ('div', nlms_filter/top.cpp:65) [45]  (4.88 ns)

 <State 20>: 4.88ns
The critical path consists of the following:
	'ddiv' operation ('div', nlms_filter/top.cpp:65) [45]  (4.88 ns)

 <State 21>: 4.88ns
The critical path consists of the following:
	'ddiv' operation ('div', nlms_filter/top.cpp:65) [45]  (4.88 ns)

 <State 22>: 4.88ns
The critical path consists of the following:
	'ddiv' operation ('div', nlms_filter/top.cpp:65) [45]  (4.88 ns)

 <State 23>: 4.88ns
The critical path consists of the following:
	'ddiv' operation ('div', nlms_filter/top.cpp:65) [45]  (4.88 ns)

 <State 24>: 4.88ns
The critical path consists of the following:
	'ddiv' operation ('div', nlms_filter/top.cpp:65) [45]  (4.88 ns)

 <State 25>: 4.88ns
The critical path consists of the following:
	'ddiv' operation ('div', nlms_filter/top.cpp:65) [45]  (4.88 ns)

 <State 26>: 4.88ns
The critical path consists of the following:
	'ddiv' operation ('div', nlms_filter/top.cpp:65) [45]  (4.88 ns)

 <State 27>: 4.88ns
The critical path consists of the following:
	'ddiv' operation ('div', nlms_filter/top.cpp:65) [45]  (4.88 ns)

 <State 28>: 4.88ns
The critical path consists of the following:
	'ddiv' operation ('div', nlms_filter/top.cpp:65) [45]  (4.88 ns)

 <State 29>: 4.88ns
The critical path consists of the following:
	'ddiv' operation ('div', nlms_filter/top.cpp:65) [45]  (4.88 ns)

 <State 30>: 4.88ns
The critical path consists of the following:
	'ddiv' operation ('div', nlms_filter/top.cpp:65) [45]  (4.88 ns)

 <State 31>: 4.88ns
The critical path consists of the following:
	'ddiv' operation ('div', nlms_filter/top.cpp:65) [45]  (4.88 ns)

 <State 32>: 4.88ns
The critical path consists of the following:
	'ddiv' operation ('div', nlms_filter/top.cpp:65) [45]  (4.88 ns)

 <State 33>: 4.88ns
The critical path consists of the following:
	'ddiv' operation ('div', nlms_filter/top.cpp:65) [45]  (4.88 ns)

 <State 34>: 4.88ns
The critical path consists of the following:
	'ddiv' operation ('div', nlms_filter/top.cpp:65) [45]  (4.88 ns)

 <State 35>: 4.88ns
The critical path consists of the following:
	'ddiv' operation ('div', nlms_filter/top.cpp:65) [45]  (4.88 ns)

 <State 36>: 4.88ns
The critical path consists of the following:
	'ddiv' operation ('div', nlms_filter/top.cpp:65) [45]  (4.88 ns)

 <State 37>: 4.88ns
The critical path consists of the following:
	'ddiv' operation ('div', nlms_filter/top.cpp:65) [45]  (4.88 ns)

 <State 38>: 4.88ns
The critical path consists of the following:
	'ddiv' operation ('div', nlms_filter/top.cpp:65) [45]  (4.88 ns)

 <State 39>: 4.88ns
The critical path consists of the following:
	'ddiv' operation ('div', nlms_filter/top.cpp:65) [45]  (4.88 ns)

 <State 40>: 4.88ns
The critical path consists of the following:
	'ddiv' operation ('div', nlms_filter/top.cpp:65) [45]  (4.88 ns)

 <State 41>: 4.88ns
The critical path consists of the following:
	'ddiv' operation ('div', nlms_filter/top.cpp:65) [45]  (4.88 ns)

 <State 42>: 4.88ns
The critical path consists of the following:
	'ddiv' operation ('div', nlms_filter/top.cpp:65) [45]  (4.88 ns)

 <State 43>: 4.88ns
The critical path consists of the following:
	'ddiv' operation ('div', nlms_filter/top.cpp:65) [45]  (4.88 ns)

 <State 44>: 4.88ns
The critical path consists of the following:
	'ddiv' operation ('div', nlms_filter/top.cpp:65) [45]  (4.88 ns)

 <State 45>: 4.88ns
The critical path consists of the following:
	'ddiv' operation ('div', nlms_filter/top.cpp:65) [45]  (4.88 ns)

 <State 46>: 4.88ns
The critical path consists of the following:
	'ddiv' operation ('div', nlms_filter/top.cpp:65) [45]  (4.88 ns)

 <State 47>: 4.88ns
The critical path consists of the following:
	'ddiv' operation ('div', nlms_filter/top.cpp:65) [45]  (4.88 ns)

 <State 48>: 4.88ns
The critical path consists of the following:
	'ddiv' operation ('div', nlms_filter/top.cpp:65) [45]  (4.88 ns)

 <State 49>: 4.88ns
The critical path consists of the following:
	'ddiv' operation ('div', nlms_filter/top.cpp:65) [45]  (4.88 ns)

 <State 50>: 4.88ns
The critical path consists of the following:
	'ddiv' operation ('div', nlms_filter/top.cpp:65) [45]  (4.88 ns)

 <State 51>: 4.88ns
The critical path consists of the following:
	'ddiv' operation ('div', nlms_filter/top.cpp:65) [45]  (4.88 ns)

 <State 52>: 4.88ns
The critical path consists of the following:
	'ddiv' operation ('div', nlms_filter/top.cpp:65) [45]  (4.88 ns)

 <State 53>: 4.88ns
The critical path consists of the following:
	'ddiv' operation ('div', nlms_filter/top.cpp:65) [45]  (4.88 ns)

 <State 54>: 4.88ns
The critical path consists of the following:
	'ddiv' operation ('div', nlms_filter/top.cpp:65) [45]  (4.88 ns)

 <State 55>: 4.88ns
The critical path consists of the following:
	'ddiv' operation ('div', nlms_filter/top.cpp:65) [45]  (4.88 ns)

 <State 56>: 4.88ns
The critical path consists of the following:
	'ddiv' operation ('div', nlms_filter/top.cpp:65) [45]  (4.88 ns)

 <State 57>: 4.88ns
The critical path consists of the following:
	'ddiv' operation ('div', nlms_filter/top.cpp:65) [45]  (4.88 ns)

 <State 58>: 4.88ns
The critical path consists of the following:
	'ddiv' operation ('div', nlms_filter/top.cpp:65) [45]  (4.88 ns)

 <State 59>: 4.88ns
The critical path consists of the following:
	'ddiv' operation ('div', nlms_filter/top.cpp:65) [45]  (4.88 ns)

 <State 60>: 4.88ns
The critical path consists of the following:
	'ddiv' operation ('div', nlms_filter/top.cpp:65) [45]  (4.88 ns)

 <State 61>: 4.88ns
The critical path consists of the following:
	'ddiv' operation ('div', nlms_filter/top.cpp:65) [45]  (4.88 ns)

 <State 62>: 4.88ns
The critical path consists of the following:
	'ddiv' operation ('div', nlms_filter/top.cpp:65) [45]  (4.88 ns)

 <State 63>: 4.88ns
The critical path consists of the following:
	'ddiv' operation ('div', nlms_filter/top.cpp:65) [45]  (4.88 ns)

 <State 64>: 4.88ns
The critical path consists of the following:
	'ddiv' operation ('div', nlms_filter/top.cpp:65) [45]  (4.88 ns)

 <State 65>: 4.88ns
The critical path consists of the following:
	'ddiv' operation ('div', nlms_filter/top.cpp:65) [45]  (4.88 ns)

 <State 66>: 4.88ns
The critical path consists of the following:
	'ddiv' operation ('div', nlms_filter/top.cpp:65) [45]  (4.88 ns)

 <State 67>: 4.88ns
The critical path consists of the following:
	'ddiv' operation ('div', nlms_filter/top.cpp:65) [45]  (4.88 ns)

 <State 68>: 4.88ns
The critical path consists of the following:
	'ddiv' operation ('div', nlms_filter/top.cpp:65) [45]  (4.88 ns)

 <State 69>: 4.88ns
The critical path consists of the following:
	'ddiv' operation ('div', nlms_filter/top.cpp:65) [45]  (4.88 ns)

 <State 70>: 4.88ns
The critical path consists of the following:
	'ddiv' operation ('div', nlms_filter/top.cpp:65) [45]  (4.88 ns)

 <State 71>: 5.78ns
The critical path consists of the following:
	'fmul' operation ('estimation', nlms_filter/top.cpp:63) [36]  (5.78 ns)

 <State 72>: 5.78ns
The critical path consists of the following:
	'fmul' operation ('estimation', nlms_filter/top.cpp:63) [36]  (5.78 ns)

 <State 73>: 5.78ns
The critical path consists of the following:
	'fmul' operation ('estimation', nlms_filter/top.cpp:63) [36]  (5.78 ns)

 <State 74>: 5.78ns
The critical path consists of the following:
	'fmul' operation ('estimation', nlms_filter/top.cpp:63) [36]  (5.78 ns)

 <State 75>: 5.33ns
The critical path consists of the following:
	'fsub' operation ('error', nlms_filter/top.cpp:64) [40]  (5.33 ns)

 <State 76>: 5.33ns
The critical path consists of the following:
	'fsub' operation ('error', nlms_filter/top.cpp:64) [40]  (5.33 ns)

 <State 77>: 5.7ns
The critical path consists of the following:
	'dmul' operation ('mul1', nlms_filter/top.cpp:65) [47]  (5.7 ns)

 <State 78>: 5.7ns
The critical path consists of the following:
	'dmul' operation ('mul1', nlms_filter/top.cpp:65) [47]  (5.7 ns)

 <State 79>: 5.7ns
The critical path consists of the following:
	'dmul' operation ('mul1', nlms_filter/top.cpp:65) [47]  (5.7 ns)

 <State 80>: 5.7ns
The critical path consists of the following:
	'dmul' operation ('mul1', nlms_filter/top.cpp:65) [47]  (5.7 ns)

 <State 81>: 5.7ns
The critical path consists of the following:
	'dmul' operation ('mul1', nlms_filter/top.cpp:65) [47]  (5.7 ns)

 <State 82>: 5.7ns
The critical path consists of the following:
	'dmul' operation ('mul1', nlms_filter/top.cpp:65) [47]  (5.7 ns)

 <State 83>: 5.7ns
The critical path consists of the following:
	'dmul' operation ('mul1', nlms_filter/top.cpp:65) [47]  (5.7 ns)

 <State 84>: 5.7ns
The critical path consists of the following:
	'dmul' operation ('mul1', nlms_filter/top.cpp:65) [47]  (5.7 ns)

 <State 85>: 5.7ns
The critical path consists of the following:
	'dmul' operation ('mul2', nlms_filter/top.cpp:65) [49]  (5.7 ns)

 <State 86>: 5.7ns
The critical path consists of the following:
	'dmul' operation ('mul2', nlms_filter/top.cpp:65) [49]  (5.7 ns)

 <State 87>: 5.7ns
The critical path consists of the following:
	'dmul' operation ('mul2', nlms_filter/top.cpp:65) [49]  (5.7 ns)

 <State 88>: 5.7ns
The critical path consists of the following:
	'dmul' operation ('mul2', nlms_filter/top.cpp:65) [49]  (5.7 ns)

 <State 89>: 5.7ns
The critical path consists of the following:
	'dmul' operation ('mul2', nlms_filter/top.cpp:65) [49]  (5.7 ns)

 <State 90>: 5.7ns
The critical path consists of the following:
	'dmul' operation ('mul2', nlms_filter/top.cpp:65) [49]  (5.7 ns)

 <State 91>: 5.7ns
The critical path consists of the following:
	'dmul' operation ('mul2', nlms_filter/top.cpp:65) [49]  (5.7 ns)

 <State 92>: 5.7ns
The critical path consists of the following:
	'dmul' operation ('mul2', nlms_filter/top.cpp:65) [49]  (5.7 ns)

 <State 93>: 5.65ns
The critical path consists of the following:
	'dadd' operation ('add1', nlms_filter/top.cpp:65) [50]  (5.65 ns)

 <State 94>: 5.65ns
The critical path consists of the following:
	'dadd' operation ('add1', nlms_filter/top.cpp:65) [50]  (5.65 ns)

 <State 95>: 5.65ns
The critical path consists of the following:
	'dadd' operation ('add1', nlms_filter/top.cpp:65) [50]  (5.65 ns)

 <State 96>: 5.65ns
The critical path consists of the following:
	'dadd' operation ('add1', nlms_filter/top.cpp:65) [50]  (5.65 ns)

 <State 97>: 5.65ns
The critical path consists of the following:
	'dadd' operation ('add1', nlms_filter/top.cpp:65) [50]  (5.65 ns)

 <State 98>: 5.65ns
The critical path consists of the following:
	'dadd' operation ('add1', nlms_filter/top.cpp:65) [50]  (5.65 ns)

 <State 99>: 5.65ns
The critical path consists of the following:
	'dadd' operation ('add1', nlms_filter/top.cpp:65) [50]  (5.65 ns)

 <State 100>: 5.65ns
The critical path consists of the following:
	'dadd' operation ('add1', nlms_filter/top.cpp:65) [50]  (5.65 ns)

 <State 101>: 5.17ns
The critical path consists of the following:
	'fptrunc' operation ('conv4', nlms_filter/top.cpp:65) [51]  (5.17 ns)

 <State 102>: 5.17ns
The critical path consists of the following:
	'fptrunc' operation ('conv4', nlms_filter/top.cpp:65) [51]  (5.17 ns)

 <State 103>: 3.25ns
The critical path consists of the following:
	'store' operation ('store_ln65', nlms_filter/top.cpp:65) of variable 'bitcast_ln65', nlms_filter/top.cpp:65 on array 'weights' [53]  (3.25 ns)


============================================================
+ Verbose Summary: Binding
============================================================
N/A
* FSMD analyzer results:
  - Output states:
 - Input state : 
  - Chain level:
	State 1
	State 2
	State 3
	State 4
	State 5
	State 6
	State 7
	State 8
	State 9
	State 10
	State 11
	State 12
	State 13
	State 14
	State 15
	State 16
	State 17
	State 18
	State 19
	State 20
	State 21
	State 22
	State 23
	State 24
	State 25
	State 26
	State 27
	State 28
	State 29
	State 30
	State 31
	State 32
	State 33
	State 34
	State 35
	State 36
	State 37
	State 38
	State 39
	State 40
	State 41
	State 42
	State 43
	State 44
	State 45
	State 46
	State 47
	State 48
	State 49
	State 50
	State 51
	State 52
	State 53
	State 54
	State 55
	State 56
	State 57
	State 58
	State 59
	State 60
	State 61
	State 62
	State 63
	State 64
	State 65
	State 66
	State 67
	State 68
	State 69
	State 70
	State 71
	State 72
	State 73
	State 74
	State 75
	State 76
	State 77
	State 78
	State 79
	State 80
	State 81
	State 82
	State 83
	State 84
	State 85
	State 86
	State 87
	State 88
	State 89
	State 90
	State 91
	State 92
	State 93
	State 94
	State 95
	State 96
	State 97
	State 98
	State 99
	State 100
	State 101
	State 102
	State 103


============================================================
+ Verbose Summary: Datapath Resource usage 
============================================================
N/A
