

================================================================
== Synthesis Summary Report of 'nlms_top'
================================================================
+ General Information: 
    * Date:           Mon Oct 28 16:23:29 2024
    * Version:        2022.1 (Build 3526262 on Mon Apr 18 15:47:01 MDT 2022)
    * Project:        nlms_filter
    * Solution:       output (Vivado IP Flow Target)
    * Product family: spartan7
    * Target device:  xc7s50-ftgb196-1
    

+ Performance & Resource Estimates: 
    
    PS: '+' for module; 'o' for loop; '*' for dataflow
    +------------------------------------+------+------+---------+-----------+----------+---------+------+----------+------+----------+-----------+-----------+-----+
    |               Modules              | Issue|      | Latency |  Latency  | Iteration|         | Trip |          |      |          |           |           |     |
    |               & Loops              | Type | Slack| (cycles)|    (ns)   |  Latency | Interval| Count| Pipelined| BRAM |    DSP   |     FF    |    LUT    | URAM|
    +------------------------------------+------+------+---------+-----------+----------+---------+------+----------+------+----------+-----------+-----------+-----+
    |+ nlms_top                          |     -|  0.06|     1383|  1.106e+04|         -|     1384|     -|        no|     -|  36 (30%)|  4113 (6%)|  2685 (8%)|    -|
    | o nlms_outer_loop_nlms_inner_loop  |     -|  5.84|     1381|  1.105e+04|       103|        1|  1280|       yes|     -|         -|          -|          -|    -|
    +------------------------------------+------+------+---------+-----------+----------+---------+------+----------+------+----------+-----------+-----------+-----+


================================================================
== HW Interfaces
================================================================
* AP_MEMORY
+-------------------------+----------+
| Interface               | Bitwidth |
+-------------------------+----------+
| desired_signal_address0 | 7        |
| desired_signal_q0       | 32       |
| input_signal_address0   | 7        |
| input_signal_q0         | 32       |
| weights_address0        | 7        |
| weights_address1        | 7        |
| weights_d0              | 32       |
| weights_q1              | 32       |
+-------------------------+----------+

* TOP LEVEL CONTROL
+-----------+------------+-----------------------------------+
| Interface | Type       | Ports                             |
+-----------+------------+-----------------------------------+
| ap_clk    | clock      | ap_clk                            |
| ap_rst    | reset      | ap_rst                            |
| ap_ctrl   | ap_ctrl_hs | ap_done ap_idle ap_ready ap_start |
+-----------+------------+-----------------------------------+


================================================================
== SW I/O Information
================================================================
* Top Function Arguments
+----------------+-----------+----------+
| Argument       | Direction | Datatype |
+----------------+-----------+----------+
| input_signal   | in        | float*   |
| desired_signal | in        | float*   |
| weights        | inout     | float*   |
+----------------+-----------+----------+

* SW-to-HW Mapping
+----------------+-------------------------+---------+----------+
| Argument       | HW Interface            | HW Type | HW Usage |
+----------------+-------------------------+---------+----------+
| input_signal   | input_signal_address0   | port    | offset   |
| input_signal   | input_signal_ce0        | port    |          |
| input_signal   | input_signal_q0         | port    |          |
| desired_signal | desired_signal_address0 | port    | offset   |
| desired_signal | desired_signal_ce0      | port    |          |
| desired_signal | desired_signal_q0       | port    |          |
| weights        | weights_address0        | port    | offset   |
| weights        | weights_ce0             | port    |          |
| weights        | weights_we0             | port    |          |
| weights        | weights_d0              | port    |          |
| weights        | weights_address1        | port    | offset   |
| weights        | weights_ce1             | port    |          |
| weights        | weights_q1              | port    |          |
+----------------+-------------------------+---------+----------+


================================================================
== Bind Op Report
================================================================
+--------------------------------------+-----+--------+------------+------+---------+---------+
| Name                                 | DSP | Pragma | Variable   | Op   | Impl    | Latency |
+--------------------------------------+-----+--------+------------+------+---------+---------+
| + nlms_top                           | 36  |        |            |      |         |         |
|   add_ln59_fu_173_p2                 | -   |        | add_ln59   | add  | fabric  | 0       |
|   fmul_32ns_32ns_32_4_max_dsp_1_U3   | 3   |        | estimation | fmul | maxdsp  | 3       |
|   fsub_32ns_32ns_32_8_full_dsp_1_U1  | 2   |        | error      | fsub | fulldsp | 7       |
|   fmul_32ns_32ns_32_4_max_dsp_1_U2   | 3   |        | mul        | fmul | maxdsp  | 3       |
|   dadd_64ns_64ns_64_8_full_dsp_1_U9  | 3   |        | add        | dadd | fulldsp | 7       |
|   ddiv_64ns_64ns_64_59_no_dsp_1_U13  | -   |        | div        | ddiv | fabric  | 58      |
|   dmul_64ns_64ns_64_8_max_dsp_1_U11  | 11  |        | mul1       | dmul | maxdsp  | 7       |
|   dmul_64ns_64ns_64_8_max_dsp_1_U12  | 11  |        | mul2       | dmul | maxdsp  | 7       |
|   dadd_64ns_64ns_64_8_full_dsp_1_U10 | 3   |        | add1       | dadd | fulldsp | 7       |
|   add_ln61_fu_205_p2                 | -   |        | add_ln61   | add  | fabric  | 0       |
+--------------------------------------+-----+--------+------------+------+---------+---------+


================================================================
== Bind Storage Report
================================================================
  No bind storage info in design

================================================================
== Pragma Report
================================================================
* Valid Pragma Syntax
+----------+---------------+------------------------------------+
| Type     | Options       | Location                           |
+----------+---------------+------------------------------------+
| top      | name=nlms_top | nlms_filter/top.cpp:51 in nlms_top |
| pipeline | off           | nlms_filter/top.cpp:60 in nlms_top |
| pipeline |               | nlms_filter/top.cpp:62 in nlms_top |
+----------+---------------+------------------------------------+


